{
  "/Users/lujunsheng/program/useViewModel/src/index.ts": {
    "path": "/Users/lujunsheng/program/useViewModel/src/index.ts",
    "statementMap": {},
    "fnMap": {},
    "branchMap": {},
    "s": {},
    "f": {},
    "b": {}
  },
  "/Users/lujunsheng/program/useViewModel/src/useReactiveState.ts": {
    "path": "/Users/lujunsheng/program/useViewModel/src/useReactiveState.ts",
    "statementMap": {
      "0": {
        "start": { "line": 14, "column": 18 },
        "end": { "line": 14, "column": 34 }
      },
      "1": {
        "start": { "line": 16, "column": 16 },
        "end": { "line": 22, "column": 4 }
      },
      "2": {
        "start": { "line": 18, "column": 21 },
        "end": { "line": 18, "column": 62 }
      },
      "3": {
        "start": { "line": 19, "column": 6 },
        "end": { "line": 19, "column": 27 }
      },
      "4": {
        "start": { "line": 20, "column": 6 },
        "end": { "line": 20, "column": 20 }
      },
      "5": {
        "start": { "line": 24, "column": 2 },
        "end": { "line": 26, "column": 5 }
      },
      "6": {
        "start": { "line": 27, "column": 2 },
        "end": { "line": 27, "column": 33 }
      },
      "7": {
        "start": { "line": 31, "column": 28 },
        "end": { "line": 31, "column": 51 }
      },
      "8": {
        "start": { "line": 32, "column": 2 },
        "end": { "line": 40, "column": 9 }
      },
      "9": {
        "start": { "line": 33, "column": 14 },
        "end": { "line": 35, "column": 6 }
      },
      "10": {
        "start": { "line": 34, "column": 6 },
        "end": { "line": 34, "column": 27 }
      },
      "11": {
        "start": { "line": 36, "column": 4 },
        "end": { "line": 38, "column": 6 }
      },
      "12": {
        "start": { "line": 37, "column": 6 },
        "end": { "line": 37, "column": 22 }
      },
      "13": {
        "start": { "line": 42, "column": 2 },
        "end": { "line": 42, "column": 15 }
      }
    },
    "fnMap": {
      "0": {
        "name": "createReactiveState",
        "decl": {
          "start": { "line": 13, "column": 16 },
          "end": { "line": 13, "column": 35 }
        },
        "loc": {
          "start": { "line": 13, "column": 62 },
          "end": { "line": 28, "column": 1 }
        },
        "line": 13
      },
      "1": {
        "name": "(anonymous_1)",
        "decl": {
          "start": { "line": 17, "column": 4 },
          "end": { "line": 17, "column": 5 }
        },
        "loc": {
          "start": { "line": 17, "column": 38 },
          "end": { "line": 21, "column": 5 }
        },
        "line": 17
      },
      "2": {
        "name": "useReactiveState",
        "decl": {
          "start": { "line": 30, "column": 16 },
          "end": { "line": 30, "column": 32 }
        },
        "loc": {
          "start": { "line": 30, "column": 72 },
          "end": { "line": 43, "column": 1 }
        },
        "line": 30
      },
      "3": {
        "name": "(anonymous_3)",
        "decl": {
          "start": { "line": 32, "column": 12 },
          "end": { "line": 32, "column": 13 }
        },
        "loc": {
          "start": { "line": 32, "column": 18 },
          "end": { "line": 40, "column": 3 }
        },
        "line": 32
      },
      "4": {
        "name": "(anonymous_4)",
        "decl": {
          "start": { "line": 33, "column": 37 },
          "end": { "line": 33, "column": 38 }
        },
        "loc": {
          "start": { "line": 33, "column": 42 },
          "end": { "line": 35, "column": 5 }
        },
        "line": 33
      },
      "5": {
        "name": "(anonymous_5)",
        "decl": {
          "start": { "line": 36, "column": 11 },
          "end": { "line": 36, "column": 12 }
        },
        "loc": {
          "start": { "line": 36, "column": 17 },
          "end": { "line": 38, "column": 5 }
        },
        "line": 36
      }
    },
    "branchMap": {},
    "s": {
      "0": 7,
      "1": 7,
      "2": 15,
      "3": 15,
      "4": 15,
      "5": 7,
      "6": 7,
      "7": 18,
      "8": 18,
      "9": 9,
      "10": 10,
      "11": 9,
      "12": 9,
      "13": 18
    },
    "f": { "0": 7, "1": 15, "2": 18, "3": 9, "4": 10, "5": 9 },
    "b": {},
    "_coverageSchema": "1a1c01bbd47fc00a2c39e90264f33305004495a9",
    "hash": "2efc906b571ba46702a0ac7b9b1a4dfe41d06187"
  }
}
