{
  "/Users/lujunsheng/program1/use-reactive-state/src/index.ts": {
    "path": "/Users/lujunsheng/program1/use-reactive-state/src/index.ts",
    "statementMap": {},
    "fnMap": {},
    "branchMap": {},
    "s": {},
    "f": {},
    "b": {},
    "_coverageSchema": "1a1c01bbd47fc00a2c39e90264f33305004495a9",
    "hash": "a60a2814c3bc3930cab7b28ae12f757c82030aae"
  },
  "/Users/lujunsheng/program1/use-reactive-state/src/reactive.ts": {
    "path": "/Users/lujunsheng/program1/use-reactive-state/src/reactive.ts",
    "statementMap": {
      "0": {
        "start": { "line": 5, "column": 16 },
        "end": { "line": 5, "column": 34 }
      },
      "1": {
        "start": { "line": 7, "column": 23 },
        "end": { "line": 7, "column": 61 }
      },
      "2": {
        "start": { "line": 7, "column": 39 },
        "end": { "line": 7, "column": 61 }
      },
      "3": {
        "start": { "line": 16, "column": 17 },
        "end": { "line": 17, "column": 41 }
      },
      "4": {
        "start": { "line": 17, "column": 2 },
        "end": { "line": 17, "column": 41 }
      },
      "5": {
        "start": { "line": 23, "column": 18 },
        "end": { "line": 23, "column": 31 }
      },
      "6": {
        "start": { "line": 24, "column": 31 },
        "end": { "line": 34, "column": 3 }
      },
      "7": {
        "start": { "line": 27, "column": 6 },
        "end": { "line": 27, "column": 51 }
      },
      "8": {
        "start": { "line": 28, "column": 6 },
        "end": { "line": 32, "column": 8 }
      },
      "9": {
        "start": { "line": 30, "column": 10 },
        "end": { "line": 30, "column": 56 }
      },
      "10": {
        "start": { "line": 36, "column": 2 },
        "end": { "line": 36, "column": 30 }
      },
      "11": {
        "start": { "line": 38, "column": 22 },
        "end": { "line": 40, "column": 3 }
      },
      "12": {
        "start": { "line": 39, "column": 4 },
        "end": { "line": 39, "column": 51 }
      },
      "13": {
        "start": { "line": 42, "column": 18 },
        "end": { "line": 43, "column": 69 }
      },
      "14": {
        "start": { "line": 43, "column": 4 },
        "end": { "line": 43, "column": 69 }
      },
      "15": {
        "start": { "line": 45, "column": 22 },
        "end": { "line": 74, "column": 3 }
      },
      "16": {
        "start": { "line": 46, "column": 4 },
        "end": { "line": 48, "column": 5 }
      },
      "17": {
        "start": { "line": 47, "column": 6 },
        "end": { "line": 47, "column": 28 }
      },
      "18": {
        "start": { "line": 50, "column": 18 },
        "end": { "line": 71, "column": 6 }
      },
      "19": {
        "start": { "line": 52, "column": 23 },
        "end": { "line": 52, "column": 57 }
      },
      "20": {
        "start": { "line": 54, "column": 8 },
        "end": { "line": 54, "column": 31 }
      },
      "21": {
        "start": { "line": 57, "column": 25 },
        "end": { "line": 57, "column": 59 }
      },
      "22": {
        "start": { "line": 58, "column": 21 },
        "end": { "line": 58, "column": 25 }
      },
      "23": {
        "start": { "line": 59, "column": 8 },
        "end": { "line": 63, "column": 9 }
      },
      "24": {
        "start": { "line": 60, "column": 10 },
        "end": { "line": 60, "column": 61 }
      },
      "25": {
        "start": { "line": 62, "column": 10 },
        "end": { "line": 62, "column": 19 }
      },
      "26": {
        "start": { "line": 64, "column": 8 },
        "end": { "line": 64, "column": 22 }
      },
      "27": {
        "start": { "line": 67, "column": 23 },
        "end": { "line": 67, "column": 58 }
      },
      "28": {
        "start": { "line": 68, "column": 8 },
        "end": { "line": 68, "column": 17 }
      },
      "29": {
        "start": { "line": 69, "column": 8 },
        "end": { "line": 69, "column": 22 }
      },
      "30": {
        "start": { "line": 72, "column": 4 },
        "end": { "line": 72, "column": 26 }
      },
      "31": {
        "start": { "line": 73, "column": 4 },
        "end": { "line": 73, "column": 17 }
      },
      "32": {
        "start": { "line": 76, "column": 16 },
        "end": { "line": 76, "column": 45 }
      },
      "33": {
        "start": { "line": 77, "column": 2 },
        "end": { "line": 77, "column": 33 }
      }
    },
    "fnMap": {
      "0": {
        "name": "(anonymous_0)",
        "decl": {
          "start": { "line": 7, "column": 23 },
          "end": { "line": 7, "column": 24 }
        },
        "loc": {
          "start": { "line": 7, "column": 39 },
          "end": { "line": 7, "column": 61 }
        },
        "line": 7
      },
      "1": {
        "name": "(anonymous_1)",
        "decl": {
          "start": { "line": 16, "column": 17 },
          "end": { "line": 16, "column": 18 }
        },
        "loc": {
          "start": { "line": 17, "column": 2 },
          "end": { "line": 17, "column": 41 }
        },
        "line": 17
      },
      "2": {
        "name": "createReactiveState",
        "decl": {
          "start": { "line": 22, "column": 16 },
          "end": { "line": 22, "column": 35 }
        },
        "loc": {
          "start": { "line": 22, "column": 62 },
          "end": { "line": 78, "column": 1 }
        },
        "line": 22
      },
      "3": {
        "name": "(anonymous_3)",
        "decl": {
          "start": { "line": 26, "column": 4 },
          "end": { "line": 26, "column": 5 }
        },
        "loc": {
          "start": { "line": 26, "column": 42 },
          "end": { "line": 33, "column": 5 }
        },
        "line": 26
      },
      "4": {
        "name": "(anonymous_4)",
        "decl": {
          "start": { "line": 29, "column": 21 },
          "end": { "line": 29, "column": 22 }
        },
        "loc": {
          "start": { "line": 29, "column": 27 },
          "end": { "line": 31, "column": 9 }
        },
        "line": 29
      },
      "5": {
        "name": "(anonymous_5)",
        "decl": {
          "start": { "line": 38, "column": 22 },
          "end": { "line": 38, "column": 23 }
        },
        "loc": {
          "start": { "line": 38, "column": 28 },
          "end": { "line": 40, "column": 3 }
        },
        "line": 38
      },
      "6": {
        "name": "(anonymous_6)",
        "decl": {
          "start": { "line": 42, "column": 18 },
          "end": { "line": 42, "column": 19 }
        },
        "loc": {
          "start": { "line": 43, "column": 4 },
          "end": { "line": 43, "column": 69 }
        },
        "line": 43
      },
      "7": {
        "name": "(anonymous_7)",
        "decl": {
          "start": { "line": 45, "column": 22 },
          "end": { "line": 45, "column": 23 }
        },
        "loc": {
          "start": { "line": 45, "column": 52 },
          "end": { "line": 74, "column": 3 }
        },
        "line": 45
      },
      "8": {
        "name": "(anonymous_8)",
        "decl": {
          "start": { "line": 51, "column": 6 },
          "end": { "line": 51, "column": 7 }
        },
        "loc": {
          "start": { "line": 51, "column": 33 },
          "end": { "line": 55, "column": 7 }
        },
        "line": 51
      },
      "9": {
        "name": "(anonymous_9)",
        "decl": {
          "start": { "line": 56, "column": 6 },
          "end": { "line": 56, "column": 7 }
        },
        "loc": {
          "start": { "line": 56, "column": 40 },
          "end": { "line": 65, "column": 7 }
        },
        "line": 56
      },
      "10": {
        "name": "(anonymous_10)",
        "decl": {
          "start": { "line": 66, "column": 6 },
          "end": { "line": 66, "column": 7 }
        },
        "loc": {
          "start": { "line": 66, "column": 34 },
          "end": { "line": 70, "column": 7 }
        },
        "line": 66
      }
    },
    "branchMap": {
      "0": {
        "loc": {
          "start": { "line": 17, "column": 2 },
          "end": { "line": 17, "column": 41 }
        },
        "type": "binary-expr",
        "locations": [
          {
            "start": { "line": 17, "column": 2 },
            "end": { "line": 17, "column": 14 }
          },
          {
            "start": { "line": 17, "column": 18 },
            "end": { "line": 17, "column": 41 }
          }
        ],
        "line": 17
      },
      "1": {
        "loc": {
          "start": { "line": 43, "column": 4 },
          "end": { "line": 43, "column": 69 }
        },
        "type": "cond-expr",
        "locations": [
          {
            "start": { "line": 43, "column": 23 },
            "end": { "line": 43, "column": 60 }
          },
          {
            "start": { "line": 43, "column": 63 },
            "end": { "line": 43, "column": 69 }
          }
        ],
        "line": 43
      },
      "2": {
        "loc": {
          "start": { "line": 46, "column": 4 },
          "end": { "line": 48, "column": 5 }
        },
        "type": "if",
        "locations": [
          {
            "start": { "line": 46, "column": 4 },
            "end": { "line": 48, "column": 5 }
          },
          { "start": {}, "end": {} }
        ],
        "line": 46
      },
      "3": {
        "loc": {
          "start": { "line": 59, "column": 8 },
          "end": { "line": 63, "column": 9 }
        },
        "type": "if",
        "locations": [
          {
            "start": { "line": 59, "column": 8 },
            "end": { "line": 63, "column": 9 }
          },
          { "start": {}, "end": {} }
        ],
        "line": 59
      }
    },
    "s": {
      "0": 2,
      "1": 2,
      "2": 177,
      "3": 2,
      "4": 554,
      "5": 49,
      "6": 49,
      "7": 55,
      "8": 55,
      "9": 43,
      "10": 49,
      "11": 49,
      "12": 79,
      "13": 49,
      "14": 554,
      "15": 49,
      "16": 180,
      "17": 95,
      "18": 85,
      "19": 554,
      "20": 554,
      "21": 94,
      "22": 94,
      "23": 94,
      "24": 78,
      "25": 78,
      "26": 94,
      "27": 1,
      "28": 1,
      "29": 1,
      "30": 85,
      "31": 85,
      "32": 49,
      "33": 49
    },
    "f": {
      "0": 177,
      "1": 554,
      "2": 49,
      "3": 55,
      "4": 43,
      "5": 79,
      "6": 554,
      "7": 180,
      "8": 554,
      "9": 94,
      "10": 1
    },
    "b": { "0": [554, 554], "1": [131, 423], "2": [95, 85], "3": [78, 16] },
    "_coverageSchema": "1a1c01bbd47fc00a2c39e90264f33305004495a9",
    "hash": "5279d4fdf4c829041f6db3da10c72c0933ff0b80"
  },
  "/Users/lujunsheng/program1/use-reactive-state/src/useReactiveState.ts": {
    "path": "/Users/lujunsheng/program1/use-reactive-state/src/useReactiveState.ts",
    "statementMap": {
      "0": {
        "start": { "line": 7, "column": 19 },
        "end": { "line": 7, "column": 75 }
      },
      "1": {
        "start": { "line": 7, "column": 50 },
        "end": { "line": 7, "column": 75 }
      },
      "2": {
        "start": { "line": 16, "column": 44 },
        "end": { "line": 16, "column": 50 }
      },
      "3": {
        "start": { "line": 17, "column": 23 },
        "end": { "line": 17, "column": 35 }
      },
      "4": {
        "start": { "line": 18, "column": 20 },
        "end": { "line": 18, "column": 52 }
      },
      "5": {
        "start": { "line": 19, "column": 18 },
        "end": { "line": 19, "column": 31 }
      },
      "6": {
        "start": { "line": 20, "column": 19 },
        "end": { "line": 20, "column": 32 }
      },
      "7": {
        "start": { "line": 21, "column": 2 },
        "end": { "line": 21, "column": 29 }
      },
      "8": {
        "start": { "line": 21, "column": 26 },
        "end": { "line": 21, "column": 27 }
      },
      "9": {
        "start": { "line": 23, "column": 2 },
        "end": { "line": 71, "column": 9 }
      },
      "10": {
        "start": { "line": 24, "column": 25 },
        "end": { "line": 27, "column": 5 }
      },
      "11": {
        "start": { "line": 25, "column": 28 },
        "end": { "line": 25, "column": 76 }
      },
      "12": {
        "start": { "line": 26, "column": 6 },
        "end": { "line": 26, "column": 51 }
      },
      "13": {
        "start": { "line": 29, "column": 4 },
        "end": { "line": 29, "column": 19 }
      },
      "14": {
        "start": { "line": 31, "column": 24 },
        "end": { "line": 45, "column": 5 }
      },
      "15": {
        "start": { "line": 32, "column": 21 },
        "end": { "line": 32, "column": 39 }
      },
      "16": {
        "start": { "line": 32, "column": 27 },
        "end": { "line": 32, "column": 39 }
      },
      "17": {
        "start": { "line": 33, "column": 6 },
        "end": { "line": 44, "column": 7 }
      },
      "18": {
        "start": { "line": 34, "column": 30 },
        "end": { "line": 34, "column": 43 }
      },
      "19": {
        "start": { "line": 36, "column": 8 },
        "end": { "line": 40, "column": 9 }
      },
      "20": {
        "start": { "line": 37, "column": 10 },
        "end": { "line": 39, "column": 11 }
      },
      "21": {
        "start": { "line": 38, "column": 12 },
        "end": { "line": 38, "column": 21 }
      },
      "22": {
        "start": { "line": 41, "column": 8 },
        "end": { "line": 41, "column": 23 }
      },
      "23": {
        "start": { "line": 43, "column": 8 },
        "end": { "line": 43, "column": 17 }
      },
      "24": {
        "start": { "line": 47, "column": 25 },
        "end": { "line": 52, "column": 5 }
      },
      "25": {
        "start": { "line": 48, "column": 6 },
        "end": { "line": 51, "column": 7 }
      },
      "26": {
        "start": { "line": 49, "column": 8 },
        "end": { "line": 49, "column": 22 }
      },
      "27": {
        "start": { "line": 50, "column": 8 },
        "end": { "line": 50, "column": 32 }
      },
      "28": {
        "start": { "line": 54, "column": 14 },
        "end": { "line": 67, "column": 6 }
      },
      "29": {
        "start": { "line": 55, "column": 6 },
        "end": { "line": 66, "column": 7 }
      },
      "30": {
        "start": { "line": 56, "column": 8 },
        "end": { "line": 56, "column": 31 }
      },
      "31": {
        "start": { "line": 57, "column": 8 },
        "end": { "line": 63, "column": 9 }
      },
      "32": {
        "start": { "line": 58, "column": 10 },
        "end": { "line": 58, "column": 34 }
      },
      "33": {
        "start": { "line": 59, "column": 10 },
        "end": { "line": 62, "column": 13 }
      },
      "34": {
        "start": { "line": 60, "column": 12 },
        "end": { "line": 60, "column": 27 }
      },
      "35": {
        "start": { "line": 61, "column": 12 },
        "end": { "line": 61, "column": 37 }
      },
      "36": {
        "start": { "line": 65, "column": 8 },
        "end": { "line": 65, "column": 22 }
      },
      "37": {
        "start": { "line": 68, "column": 4 },
        "end": { "line": 70, "column": 6 }
      },
      "38": {
        "start": { "line": 69, "column": 6 },
        "end": { "line": 69, "column": 22 }
      }
    },
    "fnMap": {
      "0": {
        "name": "(anonymous_0)",
        "decl": {
          "start": { "line": 7, "column": 19 },
          "end": { "line": 7, "column": 20 }
        },
        "loc": {
          "start": { "line": 7, "column": 50 },
          "end": { "line": 7, "column": 75 }
        },
        "line": 7
      },
      "1": {
        "name": "useReactiveState",
        "decl": {
          "start": { "line": 9, "column": 16 },
          "end": { "line": 9, "column": 32 }
        },
        "loc": {
          "start": { "line": 15, "column": 2 },
          "end": { "line": 72, "column": 1 }
        },
        "line": 15
      },
      "2": {
        "name": "(anonymous_2)",
        "decl": {
          "start": { "line": 21, "column": 21 },
          "end": { "line": 21, "column": 22 }
        },
        "loc": {
          "start": { "line": 21, "column": 26 },
          "end": { "line": 21, "column": 27 }
        },
        "line": 21
      },
      "3": {
        "name": "(anonymous_3)",
        "decl": {
          "start": { "line": 23, "column": 12 },
          "end": { "line": 23, "column": 13 }
        },
        "loc": {
          "start": { "line": 23, "column": 18 },
          "end": { "line": 71, "column": 3 }
        },
        "line": 23
      },
      "4": {
        "name": "(anonymous_4)",
        "decl": {
          "start": { "line": 24, "column": 25 },
          "end": { "line": 24, "column": 26 }
        },
        "loc": {
          "start": { "line": 24, "column": 31 },
          "end": { "line": 27, "column": 5 }
        },
        "line": 24
      },
      "5": {
        "name": "(anonymous_5)",
        "decl": {
          "start": { "line": 31, "column": 24 },
          "end": { "line": 31, "column": 25 }
        },
        "loc": {
          "start": { "line": 31, "column": 30 },
          "end": { "line": 45, "column": 5 }
        },
        "line": 31
      },
      "6": {
        "name": "(anonymous_6)",
        "decl": {
          "start": { "line": 32, "column": 21 },
          "end": { "line": 32, "column": 22 }
        },
        "loc": {
          "start": { "line": 32, "column": 27 },
          "end": { "line": 32, "column": 39 }
        },
        "line": 32
      },
      "7": {
        "name": "(anonymous_7)",
        "decl": {
          "start": { "line": 47, "column": 25 },
          "end": { "line": 47, "column": 26 }
        },
        "loc": {
          "start": { "line": 47, "column": 31 },
          "end": { "line": 52, "column": 5 }
        },
        "line": 47
      },
      "8": {
        "name": "(anonymous_8)",
        "decl": {
          "start": { "line": 54, "column": 28 },
          "end": { "line": 54, "column": 29 }
        },
        "loc": {
          "start": { "line": 54, "column": 33 },
          "end": { "line": 67, "column": 5 }
        },
        "line": 54
      },
      "9": {
        "name": "(anonymous_9)",
        "decl": {
          "start": { "line": 59, "column": 33 },
          "end": { "line": 59, "column": 34 }
        },
        "loc": {
          "start": { "line": 59, "column": 39 },
          "end": { "line": 62, "column": 11 }
        },
        "line": 59
      },
      "10": {
        "name": "(anonymous_10)",
        "decl": {
          "start": { "line": 68, "column": 11 },
          "end": { "line": 68, "column": 12 }
        },
        "loc": {
          "start": { "line": 68, "column": 17 },
          "end": { "line": 70, "column": 5 }
        },
        "line": 68
      }
    },
    "branchMap": {
      "0": {
        "loc": {
          "start": { "line": 11, "column": 2 },
          "end": { "line": 14, "column": 8 }
        },
        "type": "default-arg",
        "locations": [
          {
            "start": { "line": 14, "column": 6 },
            "end": { "line": 14, "column": 8 }
          }
        ],
        "line": 11
      },
      "1": {
        "loc": {
          "start": { "line": 16, "column": 10 },
          "end": { "line": 16, "column": 25 }
        },
        "type": "default-arg",
        "locations": [
          {
            "start": { "line": 16, "column": 21 },
            "end": { "line": 16, "column": 25 }
          }
        ],
        "line": 16
      },
      "2": {
        "loc": {
          "start": { "line": 16, "column": 27 },
          "end": { "line": 16, "column": 39 }
        },
        "type": "default-arg",
        "locations": [
          {
            "start": { "line": 16, "column": 34 },
            "end": { "line": 16, "column": 39 }
          }
        ],
        "line": 16
      },
      "3": {
        "loc": {
          "start": { "line": 25, "column": 28 },
          "end": { "line": 25, "column": 76 }
        },
        "type": "cond-expr",
        "locations": [
          {
            "start": { "line": 25, "column": 51 },
            "end": { "line": 25, "column": 64 }
          },
          {
            "start": { "line": 25, "column": 67 },
            "end": { "line": 25, "column": 76 }
          }
        ],
        "line": 25
      },
      "4": {
        "loc": {
          "start": { "line": 33, "column": 6 },
          "end": { "line": 44, "column": 7 }
        },
        "type": "if",
        "locations": [
          {
            "start": { "line": 33, "column": 6 },
            "end": { "line": 44, "column": 7 }
          },
          {
            "start": { "line": 42, "column": 13 },
            "end": { "line": 44, "column": 7 }
          }
        ],
        "line": 33
      },
      "5": {
        "loc": {
          "start": { "line": 36, "column": 8 },
          "end": { "line": 40, "column": 9 }
        },
        "type": "if",
        "locations": [
          {
            "start": { "line": 36, "column": 8 },
            "end": { "line": 40, "column": 9 }
          },
          { "start": {}, "end": {} }
        ],
        "line": 36
      },
      "6": {
        "loc": {
          "start": { "line": 37, "column": 10 },
          "end": { "line": 39, "column": 11 }
        },
        "type": "if",
        "locations": [
          {
            "start": { "line": 37, "column": 10 },
            "end": { "line": 39, "column": 11 }
          },
          { "start": {}, "end": {} }
        ],
        "line": 37
      },
      "7": {
        "loc": {
          "start": { "line": 48, "column": 6 },
          "end": { "line": 51, "column": 7 }
        },
        "type": "if",
        "locations": [
          {
            "start": { "line": 48, "column": 6 },
            "end": { "line": 51, "column": 7 }
          },
          { "start": {}, "end": {} }
        ],
        "line": 48
      },
      "8": {
        "loc": {
          "start": { "line": 55, "column": 6 },
          "end": { "line": 66, "column": 7 }
        },
        "type": "if",
        "locations": [
          {
            "start": { "line": 55, "column": 6 },
            "end": { "line": 66, "column": 7 }
          },
          {
            "start": { "line": 64, "column": 13 },
            "end": { "line": 66, "column": 7 }
          }
        ],
        "line": 55
      },
      "9": {
        "loc": {
          "start": { "line": 57, "column": 8 },
          "end": { "line": 63, "column": 9 }
        },
        "type": "if",
        "locations": [
          {
            "start": { "line": 57, "column": 8 },
            "end": { "line": 63, "column": 9 }
          },
          { "start": {}, "end": {} }
        ],
        "line": 57
      }
    },
    "s": {
      "0": 2,
      "1": 115,
      "2": 87,
      "3": 87,
      "4": 87,
      "5": 87,
      "6": 87,
      "7": 87,
      "8": 0,
      "9": 87,
      "10": 42,
      "11": 61,
      "12": 61,
      "13": 42,
      "14": 42,
      "15": 54,
      "16": 45,
      "17": 54,
      "18": 19,
      "19": 19,
      "20": 19,
      "21": 10,
      "22": 19,
      "23": 35,
      "24": 42,
      "25": 24,
      "26": 24,
      "27": 24,
      "28": 42,
      "29": 59,
      "30": 29,
      "31": 29,
      "32": 24,
      "33": 24,
      "34": 24,
      "35": 24,
      "36": 30,
      "37": 42,
      "38": 42
    },
    "f": {
      "0": 115,
      "1": 87,
      "2": 0,
      "3": 42,
      "4": 61,
      "5": 54,
      "6": 45,
      "7": 24,
      "8": 59,
      "9": 24,
      "10": 42
    },
    "b": {
      "0": [2],
      "1": [67],
      "2": [33],
      "3": [29, 32],
      "4": [19, 35],
      "5": [19, 0],
      "6": [10, 9],
      "7": [24, 0],
      "8": [29, 30],
      "9": [24, 5]
    },
    "_coverageSchema": "1a1c01bbd47fc00a2c39e90264f33305004495a9",
    "hash": "eff70b09f2746ad7dba92097027843dca629e426"
  },
  "/Users/lujunsheng/program1/use-reactive-state/src/utils.ts": {
    "path": "/Users/lujunsheng/program1/use-reactive-state/src/utils.ts",
    "statementMap": {
      "0": {
        "start": { "line": 3, "column": 4 },
        "end": { "line": 5, "column": 17 }
      },
      "1": {
        "start": { "line": 7, "column": 2 },
        "end": { "line": 8, "column": 71 }
      }
    },
    "fnMap": {
      "0": {
        "name": "uniqueID",
        "decl": {
          "start": { "line": 1, "column": 16 },
          "end": { "line": 1, "column": 24 }
        },
        "loc": {
          "start": { "line": 1, "column": 27 },
          "end": { "line": 9, "column": 1 }
        },
        "line": 1
      },
      "1": {
        "name": "chr4",
        "decl": {
          "start": { "line": 2, "column": 11 },
          "end": { "line": 2, "column": 15 }
        },
        "loc": {
          "start": { "line": 2, "column": 18 },
          "end": { "line": 6, "column": 3 }
        },
        "line": 2
      }
    },
    "branchMap": {},
    "s": { "0": 392, "1": 49 },
    "f": { "0": 49, "1": 392 },
    "b": {},
    "_coverageSchema": "1a1c01bbd47fc00a2c39e90264f33305004495a9",
    "hash": "63909b9d2bda719c70866f21d21be4220b41b7ea"
  },
  "/Users/lujunsheng/program1/use-reactive-state/src/.umi/umi.ts": {
    "path": "/Users/lujunsheng/program1/use-reactive-state/src/.umi/umi.ts",
    "statementMap": {
      "0": {
        "start": { "line": 14, "column": 24 },
        "end": { "line": 33, "column": 2 }
      },
      "1": {
        "start": { "line": 14, "column": 74 },
        "end": { "line": 33, "column": 2 }
      },
      "2": {
        "start": { "line": 18, "column": 17 },
        "end": { "line": 29, "column": 6 }
      },
      "3": {
        "start": { "line": 30, "column": 4 },
        "end": { "line": 30, "column": 30 }
      },
      "4": {
        "start": { "line": 35, "column": 21 },
        "end": { "line": 35, "column": 38 }
      },
      "5": {
        "start": { "line": 39, "column": 4 },
        "end": { "line": 41, "column": 6 }
      },
      "6": {
        "start": { "line": 46, "column": 0 },
        "end": { "line": 58, "column": 1 }
      },
      "7": {
        "start": { "line": 48, "column": 2 },
        "end": { "line": 57, "column": 5 }
      },
      "8": {
        "start": { "line": 49, "column": 16 },
        "end": { "line": 49, "column": 40 }
      },
      "9": {
        "start": { "line": 50, "column": 4 },
        "end": { "line": 56, "column": 5 }
      },
      "10": {
        "start": { "line": 51, "column": 6 },
        "end": { "line": 53, "column": 9 }
      },
      "11": {
        "start": { "line": 52, "column": 8 },
        "end": { "line": 52, "column": 62 }
      },
      "12": {
        "start": { "line": 55, "column": 6 },
        "end": { "line": 55, "column": 64 }
      }
    },
    "fnMap": {
      "0": {
        "name": "(anonymous_0)",
        "decl": {
          "start": { "line": 14, "column": 24 },
          "end": { "line": 14, "column": 25 }
        },
        "loc": {
          "start": { "line": 14, "column": 74 },
          "end": { "line": 33, "column": 2 }
        },
        "line": 14
      },
      "1": {
        "name": "(anonymous_1)",
        "decl": {
          "start": { "line": 17, "column": 16 },
          "end": { "line": 17, "column": 17 }
        },
        "loc": {
          "start": { "line": 17, "column": 22 },
          "end": { "line": 31, "column": 3 }
        },
        "line": 17
      },
      "2": {
        "name": "(anonymous_2)",
        "decl": {
          "start": { "line": 48, "column": 37 },
          "end": { "line": 48, "column": 38 }
        },
        "loc": {
          "start": { "line": 48, "column": 43 },
          "end": { "line": 57, "column": 3 }
        },
        "line": 48
      },
      "3": {
        "name": "(anonymous_3)",
        "decl": {
          "start": { "line": 51, "column": 15 },
          "end": { "line": 51, "column": 16 }
        },
        "loc": {
          "start": { "line": 51, "column": 34 },
          "end": { "line": 53, "column": 7 }
        },
        "line": 51
      }
    },
    "branchMap": {
      "0": {
        "loc": {
          "start": { "line": 14, "column": 25 },
          "end": { "line": 14, "column": 69 }
        },
        "type": "default-arg",
        "locations": [
          {
            "start": { "line": 14, "column": 67 },
            "end": { "line": 14, "column": 69 }
          }
        ],
        "line": 14
      },
      "1": {
        "loc": {
          "start": { "line": 22, "column": 16 },
          "end": { "line": 22, "column": 42 }
        },
        "type": "binary-expr",
        "locations": [
          {
            "start": { "line": 22, "column": 16 },
            "end": { "line": 22, "column": 27 }
          },
          {
            "start": { "line": 22, "column": 31 },
            "end": { "line": 22, "column": 42 }
          }
        ],
        "line": 22
      },
      "2": {
        "loc": {
          "start": { "line": 46, "column": 0 },
          "end": { "line": 58, "column": 1 }
        },
        "type": "if",
        "locations": [
          {
            "start": { "line": 46, "column": 0 },
            "end": { "line": 58, "column": 1 }
          },
          { "start": {}, "end": {} }
        ],
        "line": 46
      },
      "3": {
        "loc": {
          "start": { "line": 50, "column": 4 },
          "end": { "line": 56, "column": 5 }
        },
        "type": "if",
        "locations": [
          {
            "start": { "line": 50, "column": 4 },
            "end": { "line": 56, "column": 5 }
          },
          {
            "start": { "line": 54, "column": 11 },
            "end": { "line": 56, "column": 5 }
          }
        ],
        "line": 50
      }
    },
    "s": {
      "0": 0,
      "1": 0,
      "2": 0,
      "3": 0,
      "4": 0,
      "5": 0,
      "6": 0,
      "7": 0,
      "8": 0,
      "9": 0,
      "10": 0,
      "11": 0,
      "12": 0
    },
    "f": { "0": 0, "1": 0, "2": 0, "3": 0 },
    "b": { "0": [0], "1": [0, 0], "2": [0, 0], "3": [0, 0] }
  },
  "/Users/lujunsheng/program1/use-reactive-state/src/.umi/core/devScripts.ts": {
    "path": "/Users/lujunsheng/program1/use-reactive-state/src/.umi/core/devScripts.ts",
    "statementMap": {
      "0": {
        "start": { "line": 3, "column": 0 },
        "end": { "line": 50, "column": 1 }
      },
      "1": {
        "start": { "line": 6, "column": 4 },
        "end": { "line": 9, "column": 5 }
      },
      "2": {
        "start": { "line": 7, "column": 6 },
        "end": { "line": 7, "column": 31 }
      },
      "3": {
        "start": { "line": 8, "column": 6 },
        "end": { "line": 8, "column": 13 }
      },
      "4": {
        "start": { "line": 13, "column": 6 },
        "end": { "line": 13, "column": 74 }
      },
      "5": {
        "start": { "line": 18, "column": 4 },
        "end": { "line": 20, "column": 5 }
      },
      "6": {
        "start": { "line": 19, "column": 6 },
        "end": { "line": 19, "column": 13 }
      },
      "7": {
        "start": { "line": 23, "column": 6 },
        "end": { "line": 26, "column": 7 }
      },
      "8": {
        "start": { "line": 24, "column": 8 },
        "end": { "line": 24, "column": 33 }
      },
      "9": {
        "start": { "line": 25, "column": 8 },
        "end": { "line": 25, "column": 15 }
      },
      "10": {
        "start": { "line": 28, "column": 6 },
        "end": { "line": 28, "column": 29 }
      },
      "11": {
        "start": { "line": 30, "column": 6 },
        "end": { "line": 33, "column": 7 }
      },
      "12": {
        "start": { "line": 32, "column": 8 },
        "end": { "line": 32, "column": 26 }
      },
      "13": {
        "start": { "line": 37, "column": 4 },
        "end": { "line": 44, "column": 6 }
      },
      "14": {
        "start": { "line": 39, "column": 8 },
        "end": { "line": 39, "column": 49 }
      },
      "15": {
        "start": { "line": 42, "column": 8 },
        "end": { "line": 42, "column": 38 }
      },
      "16": {
        "start": { "line": 47, "column": 2 },
        "end": { "line": 49, "column": 5 }
      }
    },
    "fnMap": {
      "0": {
        "name": "tryApplyUpdates",
        "decl": {
          "start": { "line": 4, "column": 11 },
          "end": { "line": 4, "column": 26 }
        },
        "loc": {
          "start": { "line": 4, "column": 58 },
          "end": { "line": 45, "column": 3 }
        },
        "line": 4
      },
      "1": {
        "name": "isUpdateAvailable",
        "decl": {
          "start": { "line": 11, "column": 13 },
          "end": { "line": 11, "column": 30 }
        },
        "loc": {
          "start": { "line": 11, "column": 33 },
          "end": { "line": 14, "column": 5 }
        },
        "line": 11
      },
      "2": {
        "name": "handleApplyUpdates",
        "decl": {
          "start": { "line": 22, "column": 13 },
          "end": { "line": 22, "column": 31 }
        },
        "loc": {
          "start": { "line": 22, "column": 72 },
          "end": { "line": 34, "column": 5 }
        },
        "line": 22
      },
      "3": {
        "name": "(anonymous_3)",
        "decl": {
          "start": { "line": 38, "column": 6 },
          "end": { "line": 38, "column": 7 }
        },
        "loc": {
          "start": { "line": 38, "column": 37 },
          "end": { "line": 40, "column": 7 }
        },
        "line": 38
      },
      "4": {
        "name": "(anonymous_4)",
        "decl": {
          "start": { "line": 41, "column": 6 },
          "end": { "line": 41, "column": 7 }
        },
        "loc": {
          "start": { "line": 41, "column": 28 },
          "end": { "line": 43, "column": 7 }
        },
        "line": 41
      }
    },
    "branchMap": {
      "0": {
        "loc": {
          "start": { "line": 3, "column": 0 },
          "end": { "line": 50, "column": 1 }
        },
        "type": "if",
        "locations": [
          {
            "start": { "line": 3, "column": 0 },
            "end": { "line": 50, "column": 1 }
          },
          { "start": {}, "end": {} }
        ],
        "line": 3
      },
      "1": {
        "loc": {
          "start": { "line": 6, "column": 4 },
          "end": { "line": 9, "column": 5 }
        },
        "type": "if",
        "locations": [
          {
            "start": { "line": 6, "column": 4 },
            "end": { "line": 9, "column": 5 }
          },
          { "start": {}, "end": {} }
        ],
        "line": 6
      },
      "2": {
        "loc": {
          "start": { "line": 18, "column": 4 },
          "end": { "line": 20, "column": 5 }
        },
        "type": "if",
        "locations": [
          {
            "start": { "line": 18, "column": 4 },
            "end": { "line": 20, "column": 5 }
          },
          { "start": {}, "end": {} }
        ],
        "line": 18
      },
      "3": {
        "loc": {
          "start": { "line": 18, "column": 8 },
          "end": { "line": 18, "column": 62 }
        },
        "type": "binary-expr",
        "locations": [
          {
            "start": { "line": 18, "column": 8 },
            "end": { "line": 18, "column": 28 }
          },
          {
            "start": { "line": 18, "column": 32 },
            "end": { "line": 18, "column": 62 }
          }
        ],
        "line": 18
      },
      "4": {
        "loc": {
          "start": { "line": 23, "column": 6 },
          "end": { "line": 26, "column": 7 }
        },
        "type": "if",
        "locations": [
          {
            "start": { "line": 23, "column": 6 },
            "end": { "line": 26, "column": 7 }
          },
          { "start": {}, "end": {} }
        ],
        "line": 23
      },
      "5": {
        "loc": {
          "start": { "line": 23, "column": 10 },
          "end": { "line": 23, "column": 65 }
        },
        "type": "binary-expr",
        "locations": [
          {
            "start": { "line": 23, "column": 10 },
            "end": { "line": 23, "column": 13 }
          },
          {
            "start": { "line": 23, "column": 17 },
            "end": { "line": 23, "column": 32 }
          },
          {
            "start": { "line": 23, "column": 36 },
            "end": { "line": 23, "column": 65 }
          }
        ],
        "line": 23
      },
      "6": {
        "loc": {
          "start": { "line": 30, "column": 6 },
          "end": { "line": 33, "column": 7 }
        },
        "type": "if",
        "locations": [
          {
            "start": { "line": 30, "column": 6 },
            "end": { "line": 33, "column": 7 }
          },
          { "start": {}, "end": {} }
        ],
        "line": 30
      }
    },
    "s": {
      "0": 0,
      "1": 0,
      "2": 0,
      "3": 0,
      "4": 0,
      "5": 0,
      "6": 0,
      "7": 0,
      "8": 0,
      "9": 0,
      "10": 0,
      "11": 0,
      "12": 0,
      "13": 0,
      "14": 0,
      "15": 0,
      "16": 0
    },
    "f": { "0": 0, "1": 0, "2": 0, "3": 0, "4": 0 },
    "b": {
      "0": [0, 0],
      "1": [0, 0],
      "2": [0, 0],
      "3": [0, 0],
      "4": [0, 0],
      "5": [0, 0, 0],
      "6": [0, 0]
    }
  },
  "/Users/lujunsheng/program1/use-reactive-state/src/.umi/core/history.ts": {
    "path": "/Users/lujunsheng/program1/use-reactive-state/src/.umi/core/history.ts",
    "statementMap": {
      "0": {
        "start": { "line": 4, "column": 14 },
        "end": { "line": 6, "column": 1 }
      },
      "1": {
        "start": { "line": 7, "column": 0 },
        "end": { "line": 9, "column": 1 }
      },
      "2": {
        "start": { "line": 8, "column": 2 },
        "end": { "line": 8, "column": 46 }
      },
      "3": {
        "start": { "line": 12, "column": 23 },
        "end": { "line": 12, "column": 85 }
      },
      "4": {
        "start": { "line": 13, "column": 29 },
        "end": { "line": 19, "column": 1 }
      },
      "5": {
        "start": { "line": 14, "column": 2 },
        "end": { "line": 16, "column": 3 }
      },
      "6": {
        "start": { "line": 15, "column": 4 },
        "end": { "line": 15, "column": 44 }
      },
      "7": {
        "start": { "line": 18, "column": 2 },
        "end": { "line": 18, "column": 17 }
      }
    },
    "fnMap": {
      "0": {
        "name": "(anonymous_0)",
        "decl": {
          "start": { "line": 13, "column": 29 },
          "end": { "line": 13, "column": 30 }
        },
        "loc": {
          "start": { "line": 13, "column": 52 },
          "end": { "line": 19, "column": 1 }
        },
        "line": 13
      }
    },
    "branchMap": {
      "0": {
        "loc": {
          "start": { "line": 7, "column": 0 },
          "end": { "line": 9, "column": 1 }
        },
        "type": "if",
        "locations": [
          {
            "start": { "line": 7, "column": 0 },
            "end": { "line": 9, "column": 1 }
          },
          { "start": {}, "end": {} }
        ],
        "line": 7
      },
      "1": {
        "loc": {
          "start": { "line": 12, "column": 23 },
          "end": { "line": 12, "column": 85 }
        },
        "type": "cond-expr",
        "locations": [
          {
            "start": { "line": 12, "column": 49 },
            "end": { "line": 12, "column": 53 }
          },
          {
            "start": { "line": 12, "column": 56 },
            "end": { "line": 12, "column": 85 }
          }
        ],
        "line": 12
      },
      "2": {
        "loc": {
          "start": { "line": 13, "column": 30 },
          "end": { "line": 13, "column": 47 }
        },
        "type": "default-arg",
        "locations": [
          {
            "start": { "line": 13, "column": 42 },
            "end": { "line": 13, "column": 47 }
          }
        ],
        "line": 13
      },
      "3": {
        "loc": {
          "start": { "line": 14, "column": 2 },
          "end": { "line": 16, "column": 3 }
        },
        "type": "if",
        "locations": [
          {
            "start": { "line": 14, "column": 2 },
            "end": { "line": 16, "column": 3 }
          },
          { "start": {}, "end": {} }
        ],
        "line": 14
      }
    },
    "s": { "0": 0, "1": 0, "2": 0, "3": 0, "4": 0, "5": 0, "6": 0, "7": 0 },
    "f": { "0": 0 },
    "b": { "0": [0, 0], "1": [0, 0], "2": [0], "3": [0, 0] }
  },
  "/Users/lujunsheng/program1/use-reactive-state/src/.umi/core/plugin.ts": {
    "path": "/Users/lujunsheng/program1/use-reactive-state/src/.umi/core/plugin.ts",
    "statementMap": {
      "0": {
        "start": { "line": 4, "column": 15 },
        "end": { "line": 6, "column": 2 }
      }
    },
    "fnMap": {},
    "branchMap": {},
    "s": { "0": 0 },
    "f": {},
    "b": {}
  },
  "/Users/lujunsheng/program1/use-reactive-state/src/.umi/core/pluginRegister.ts": {
    "path": "/Users/lujunsheng/program1/use-reactive-state/src/.umi/core/pluginRegister.ts",
    "statementMap": {
      "0": {
        "start": { "line": 6, "column": 2 },
        "end": { "line": 9, "column": 5 }
      },
      "1": {
        "start": { "line": 10, "column": 2 },
        "end": { "line": 13, "column": 5 }
      }
    },
    "fnMap": {},
    "branchMap": {},
    "s": { "0": 0, "1": 0 },
    "f": {},
    "b": {}
  },
  "/Users/lujunsheng/program1/use-reactive-state/src/.umi/core/polyfill.ts": {
    "path": "/Users/lujunsheng/program1/use-reactive-state/src/.umi/core/polyfill.ts",
    "statementMap": {},
    "fnMap": {},
    "branchMap": {},
    "s": {},
    "f": {},
    "b": {}
  },
  "/Users/lujunsheng/program1/use-reactive-state/src/.umi/core/routes.ts": {
    "path": "/Users/lujunsheng/program1/use-reactive-state/src/.umi/core/routes.ts",
    "statementMap": {
      "0": {
        "start": { "line": 8, "column": 17 },
        "end": { "line": 91, "column": 1 }
      },
      "1": {
        "start": { "line": 14, "column": 47 },
        "end": { "line": 14, "column": 179 }
      },
      "2": {
        "start": { "line": 15, "column": 39 },
        "end": { "line": 15, "column": 95 }
      },
      "3": {
        "start": { "line": 16, "column": 35 },
        "end": { "line": 16, "column": 59 }
      },
      "4": {
        "start": { "line": 17, "column": 36 },
        "end": { "line": 17, "column": 57 }
      },
      "5": {
        "start": { "line": 20, "column": 25 },
        "end": { "line": 20, "column": 56 }
      },
      "6": {
        "start": { "line": 23, "column": 6 },
        "end": { "line": 23, "column": 24 }
      },
      "7": {
        "start": { "line": 25, "column": 6 },
        "end": { "line": 40, "column": 7 }
      },
      "8": {
        "start": { "line": 28, "column": 10 },
        "end": { "line": 28, "column": 31 }
      },
      "9": {
        "start": { "line": 32, "column": 10 },
        "end": { "line": 36, "column": 12 }
      },
      "10": {
        "start": { "line": 39, "column": 10 },
        "end": { "line": 39, "column": 64 }
      },
      "11": {
        "start": { "line": 89, "column": 28 },
        "end": { "line": 89, "column": 42 }
      },
      "12": {
        "start": { "line": 94, "column": 2 },
        "end": { "line": 98, "column": 5 }
      },
      "13": {
        "start": { "line": 100, "column": 2 },
        "end": { "line": 100, "column": 16 }
      }
    },
    "fnMap": {
      "0": {
        "name": "getRoutes",
        "decl": {
          "start": { "line": 7, "column": 16 },
          "end": { "line": 7, "column": 25 }
        },
        "loc": {
          "start": { "line": 7, "column": 28 },
          "end": { "line": 101, "column": 1 }
        },
        "line": 7
      },
      "1": {
        "name": "(anonymous_1)",
        "decl": {
          "start": { "line": 13, "column": 17 },
          "end": { "line": 13, "column": 18 }
        },
        "loc": {
          "start": { "line": 13, "column": 28 },
          "end": { "line": 42, "column": 9 }
        },
        "line": 13
      },
      "2": {
        "name": "(anonymous_2)",
        "decl": {
          "start": { "line": 89, "column": 17 },
          "end": { "line": 89, "column": 18 }
        },
        "loc": {
          "start": { "line": 89, "column": 28 },
          "end": { "line": 89, "column": 42 }
        },
        "line": 89
      }
    },
    "branchMap": {
      "0": {
        "loc": {
          "start": { "line": 25, "column": 6 },
          "end": { "line": 40, "column": 7 }
        },
        "type": "switch",
        "locations": [
          {
            "start": { "line": 26, "column": 8 },
            "end": { "line": 28, "column": 31 }
          },
          {
            "start": { "line": 30, "column": 8 },
            "end": { "line": 36, "column": 12 }
          },
          {
            "start": { "line": 38, "column": 8 },
            "end": { "line": 39, "column": 64 }
          }
        ],
        "line": 25
      }
    },
    "s": {
      "0": 0,
      "1": 0,
      "2": 0,
      "3": 0,
      "4": 0,
      "5": 0,
      "6": 0,
      "7": 0,
      "8": 0,
      "9": 0,
      "10": 0,
      "11": 0,
      "12": 0,
      "13": 0
    },
    "f": { "0": 0, "1": 0, "2": 0 },
    "b": { "0": [0, 0, 0] }
  },
  "/Users/lujunsheng/program1/use-reactive-state/src/.umi/core/umiExports.ts": {
    "path": "/Users/lujunsheng/program1/use-reactive-state/src/.umi/core/umiExports.ts",
    "statementMap": {},
    "fnMap": {},
    "branchMap": {},
    "s": {},
    "f": {},
    "b": {}
  },
  "/Users/lujunsheng/program1/use-reactive-state/src/.umi/dumi/demos/index.ts": {
    "path": "/Users/lujunsheng/program1/use-reactive-state/src/.umi/dumi/demos/index.ts",
    "statementMap": {},
    "fnMap": {},
    "branchMap": {},
    "s": {},
    "f": {},
    "b": {}
  },
  "/Users/lujunsheng/program1/use-reactive-state/src/.umi/plugin-helmet/exports.ts": {
    "path": "/Users/lujunsheng/program1/use-reactive-state/src/.umi/plugin-helmet/exports.ts",
    "statementMap": {},
    "fnMap": {},
    "branchMap": {},
    "s": {},
    "f": {},
    "b": {}
  },
  "/Users/lujunsheng/program1/use-reactive-state/src/.umi/plugin-initial-state/Provider.tsx": {
    "path": "/Users/lujunsheng/program1/use-reactive-state/src/.umi/plugin-initial-state/Provider.tsx",
    "statementMap": {
      "0": {
        "start": { "line": 7, "column": 0 },
        "end": { "line": 11, "column": 1 }
      },
      "1": {
        "start": { "line": 8, "column": 2 },
        "end": { "line": 10, "column": 4 }
      },
      "2": {
        "start": { "line": 17, "column": 23 },
        "end": { "line": 17, "column": 28 }
      },
      "3": {
        "start": { "line": 18, "column": 20 },
        "end": { "line": 18, "column": 33 }
      },
      "4": {
        "start": { "line": 21, "column": 4 },
        "end": { "line": 25, "column": 12 }
      },
      "5": {
        "start": { "line": 26, "column": 30 },
        "end": { "line": 26, "column": 62 }
      },
      "6": {
        "start": { "line": 27, "column": 2 },
        "end": { "line": 31, "column": 16 }
      },
      "7": {
        "start": { "line": 28, "column": 4 },
        "end": { "line": 30, "column": 5 }
      },
      "8": {
        "start": { "line": 29, "column": 6 },
        "end": { "line": 29, "column": 31 }
      },
      "9": {
        "start": { "line": 33, "column": 2 },
        "end": { "line": 35, "column": 3 }
      },
      "10": {
        "start": { "line": 34, "column": 4 },
        "end": { "line": 34, "column": 44 }
      },
      "11": {
        "start": { "line": 36, "column": 2 },
        "end": { "line": 36, "column": 18 }
      }
    },
    "fnMap": {
      "0": {
        "name": "(anonymous_0)",
        "decl": {
          "start": { "line": 16, "column": 15 },
          "end": { "line": 16, "column": 16 }
        },
        "loc": {
          "start": { "line": 16, "column": 33 },
          "end": { "line": 37, "column": 1 }
        },
        "line": 16
      },
      "1": {
        "name": "(anonymous_1)",
        "decl": {
          "start": { "line": 27, "column": 12 },
          "end": { "line": 27, "column": 13 }
        },
        "loc": {
          "start": { "line": 27, "column": 18 },
          "end": { "line": 31, "column": 3 }
        },
        "line": 27
      }
    },
    "branchMap": {
      "0": {
        "loc": {
          "start": { "line": 7, "column": 0 },
          "end": { "line": 11, "column": 1 }
        },
        "type": "if",
        "locations": [
          {
            "start": { "line": 7, "column": 0 },
            "end": { "line": 11, "column": 1 }
          },
          { "start": {}, "end": {} }
        ],
        "line": 7
      },
      "1": {
        "loc": {
          "start": { "line": 21, "column": 4 },
          "end": { "line": 25, "column": 12 }
        },
        "type": "binary-expr",
        "locations": [
          {
            "start": { "line": 21, "column": 4 },
            "end": { "line": 25, "column": 6 }
          },
          {
            "start": { "line": 25, "column": 10 },
            "end": { "line": 25, "column": 12 }
          }
        ],
        "line": 21
      },
      "2": {
        "loc": {
          "start": { "line": 26, "column": 10 },
          "end": { "line": 26, "column": 25 }
        },
        "type": "default-arg",
        "locations": [
          {
            "start": { "line": 26, "column": 20 },
            "end": { "line": 26, "column": 25 }
          }
        ],
        "line": 26
      },
      "3": {
        "loc": {
          "start": { "line": 26, "column": 30 },
          "end": { "line": 26, "column": 62 }
        },
        "type": "binary-expr",
        "locations": [
          {
            "start": { "line": 26, "column": 30 },
            "end": { "line": 26, "column": 56 }
          },
          {
            "start": { "line": 26, "column": 60 },
            "end": { "line": 26, "column": 62 }
          }
        ],
        "line": 26
      },
      "4": {
        "loc": {
          "start": { "line": 28, "column": 4 },
          "end": { "line": 30, "column": 5 }
        },
        "type": "if",
        "locations": [
          {
            "start": { "line": 28, "column": 4 },
            "end": { "line": 30, "column": 5 }
          },
          { "start": {}, "end": {} }
        ],
        "line": 28
      },
      "5": {
        "loc": {
          "start": { "line": 33, "column": 2 },
          "end": { "line": 35, "column": 3 }
        },
        "type": "if",
        "locations": [
          {
            "start": { "line": 33, "column": 2 },
            "end": { "line": 35, "column": 3 }
          },
          { "start": {}, "end": {} }
        ],
        "line": 33
      },
      "6": {
        "loc": {
          "start": { "line": 33, "column": 6 },
          "end": { "line": 33, "column": 35 }
        },
        "type": "binary-expr",
        "locations": [
          {
            "start": { "line": 33, "column": 6 },
            "end": { "line": 33, "column": 13 }
          },
          {
            "start": { "line": 33, "column": 17 },
            "end": { "line": 33, "column": 35 }
          }
        ],
        "line": 33
      },
      "7": {
        "loc": {
          "start": { "line": 34, "column": 11 },
          "end": { "line": 34, "column": 43 }
        },
        "type": "binary-expr",
        "locations": [
          {
            "start": { "line": 34, "column": 11 },
            "end": { "line": 34, "column": 35 }
          },
          {
            "start": { "line": 34, "column": 39 },
            "end": { "line": 34, "column": 43 }
          }
        ],
        "line": 34
      }
    },
    "s": {
      "0": 0,
      "1": 0,
      "2": 0,
      "3": 0,
      "4": 0,
      "5": 0,
      "6": 0,
      "7": 0,
      "8": 0,
      "9": 0,
      "10": 0,
      "11": 0
    },
    "f": { "0": 0, "1": 0 },
    "b": {
      "0": [0, 0],
      "1": [0, 0],
      "2": [0],
      "3": [0, 0],
      "4": [0, 0],
      "5": [0, 0],
      "6": [0, 0],
      "7": [0, 0]
    }
  },
  "/Users/lujunsheng/program1/use-reactive-state/src/.umi/plugin-initial-state/exports.ts": {
    "path": "/Users/lujunsheng/program1/use-reactive-state/src/.umi/plugin-initial-state/exports.ts",
    "statementMap": {
      "0": {
        "start": { "line": 7, "column": 38 },
        "end": { "line": 7, "column": 39 }
      }
    },
    "fnMap": {},
    "branchMap": {},
    "s": { "0": 0 },
    "f": {},
    "b": {}
  },
  "/Users/lujunsheng/program1/use-reactive-state/src/.umi/plugin-initial-state/runtime.tsx": {
    "path": "/Users/lujunsheng/program1/use-reactive-state/src/.umi/plugin-initial-state/runtime.tsx",
    "statementMap": {
      "0": {
        "start": { "line": 6, "column": 2 },
        "end": { "line": 12, "column": 4 }
      }
    },
    "fnMap": {
      "0": {
        "name": "rootContainer",
        "decl": {
          "start": { "line": 5, "column": 16 },
          "end": { "line": 5, "column": 29 }
        },
        "loc": {
          "start": { "line": 5, "column": 58 },
          "end": { "line": 13, "column": 1 }
        },
        "line": 5
      }
    },
    "branchMap": {},
    "s": { "0": 0 },
    "f": { "0": 0 },
    "b": {}
  },
  "/Users/lujunsheng/program1/use-reactive-state/src/.umi/plugin-initial-state/models/initialState.ts": {
    "path": "/Users/lujunsheng/program1/use-reactive-state/src/.umi/plugin-initial-state/models/initialState.ts",
    "statementMap": {
      "0": {
        "start": { "line": 2, "column": 22 },
        "end": { "line": 2, "column": 59 }
      }
    },
    "fnMap": {
      "0": {
        "name": "(anonymous_0)",
        "decl": {
          "start": { "line": 2, "column": 15 },
          "end": { "line": 2, "column": 16 }
        },
        "loc": {
          "start": { "line": 2, "column": 22 },
          "end": { "line": 2, "column": 59 }
        },
        "line": 2
      },
      "1": {
        "name": "(anonymous_1)",
        "decl": {
          "start": { "line": 2, "column": 49 },
          "end": { "line": 2, "column": 50 }
        },
        "loc": {
          "start": { "line": 2, "column": 55 },
          "end": { "line": 2, "column": 57 }
        },
        "line": 2
      }
    },
    "branchMap": {},
    "s": { "0": 0 },
    "f": { "0": 0, "1": 0 },
    "b": {}
  },
  "/Users/lujunsheng/program1/use-reactive-state/src/.umi/plugin-model/Provider.tsx": {
    "path": "/Users/lujunsheng/program1/use-reactive-state/src/.umi/plugin-model/Provider.tsx",
    "statementMap": {
      "0": {
        "start": { "line": 12, "column": 22 },
        "end": { "line": 12, "column": 58 }
      },
      "1": {
        "start": { "line": 20, "column": 19 },
        "end": { "line": 20, "column": 36 }
      },
      "2": {
        "start": { "line": 21, "column": 12 },
        "end": { "line": 21, "column": 21 }
      },
      "3": {
        "start": { "line": 25, "column": 2 },
        "end": { "line": 38, "column": 3 }
      },
      "4": {
        "start": { "line": 29, "column": 10 },
        "end": { "line": 33, "column": 15 }
      },
      "5": {
        "start": { "line": 30, "column": 25 },
        "end": { "line": 30, "column": 59 }
      },
      "6": {
        "start": { "line": 31, "column": 12 },
        "end": { "line": 31, "column": 38 }
      },
      "7": {
        "start": { "line": 32, "column": 12 },
        "end": { "line": 32, "column": 34 }
      }
    },
    "fnMap": {
      "0": {
        "name": "(anonymous_0)",
        "decl": {
          "start": { "line": 23, "column": 15 },
          "end": { "line": 23, "column": 16 }
        },
        "loc": {
          "start": { "line": 23, "column": 64 },
          "end": { "line": 39, "column": 1 }
        },
        "line": 23
      },
      "1": {
        "name": "(anonymous_1)",
        "decl": {
          "start": { "line": 28, "column": 35 },
          "end": { "line": 28, "column": 36 }
        },
        "loc": {
          "start": { "line": 29, "column": 10 },
          "end": { "line": 33, "column": 15 }
        },
        "line": 29
      },
      "2": {
        "name": "(anonymous_2)",
        "decl": {
          "start": { "line": 29, "column": 81 },
          "end": { "line": 29, "column": 82 }
        },
        "loc": {
          "start": { "line": 29, "column": 95 },
          "end": { "line": 33, "column": 11 }
        },
        "line": 29
      }
    },
    "branchMap": {},
    "s": { "0": 0, "1": 0, "2": 0, "3": 0, "4": 0, "5": 0, "6": 0, "7": 0 },
    "f": { "0": 0, "1": 0, "2": 0 },
    "b": {}
  },
  "/Users/lujunsheng/program1/use-reactive-state/src/.umi/plugin-model/runtime.tsx": {
    "path": "/Users/lujunsheng/program1/use-reactive-state/src/.umi/plugin-model/runtime.tsx",
    "statementMap": {
      "0": {
        "start": { "line": 7, "column": 2 },
        "end": { "line": 11, "column": 4 }
      }
    },
    "fnMap": {
      "0": {
        "name": "rootContainer",
        "decl": {
          "start": { "line": 6, "column": 16 },
          "end": { "line": 6, "column": 29 }
        },
        "loc": {
          "start": { "line": 6, "column": 58 },
          "end": { "line": 12, "column": 1 }
        },
        "line": 6
      }
    },
    "branchMap": {},
    "s": { "0": 0 },
    "f": { "0": 0 },
    "b": {}
  },
  "/Users/lujunsheng/program1/use-reactive-state/src/.umi/plugin-model/useModel.tsx": {
    "path": "/Users/lujunsheng/program1/use-reactive-state/src/.umi/plugin-model/useModel.tsx",
    "statementMap": {
      "0": {
        "start": { "line": 20, "column": 21 },
        "end": { "line": 20, "column": 48 }
      },
      "1": {
        "start": { "line": 21, "column": 21 },
        "end": { "line": 21, "column": 36 }
      },
      "2": {
        "start": { "line": 22, "column": 2 },
        "end": { "line": 22, "column": 31 }
      },
      "3": {
        "start": { "line": 23, "column": 28 },
        "end": { "line": 25, "column": 3 }
      },
      "4": {
        "start": { "line": 24, "column": 10 },
        "end": { "line": 24, "column": 108 }
      },
      "5": {
        "start": { "line": 26, "column": 19 },
        "end": { "line": 26, "column": 37 }
      },
      "6": {
        "start": { "line": 27, "column": 2 },
        "end": { "line": 27, "column": 27 }
      },
      "7": {
        "start": { "line": 29, "column": 18 },
        "end": { "line": 29, "column": 31 }
      },
      "8": {
        "start": { "line": 30, "column": 2 },
        "end": { "line": 35, "column": 8 }
      },
      "9": {
        "start": { "line": 31, "column": 4 },
        "end": { "line": 31, "column": 27 }
      },
      "10": {
        "start": { "line": 32, "column": 4 },
        "end": { "line": 34, "column": 5 }
      },
      "11": {
        "start": { "line": 33, "column": 6 },
        "end": { "line": 33, "column": 30 }
      },
      "12": {
        "start": { "line": 37, "column": 2 },
        "end": { "line": 68, "column": 18 }
      },
      "13": {
        "start": { "line": 38, "column": 20 },
        "end": { "line": 56, "column": 5 }
      },
      "14": {
        "start": { "line": 39, "column": 6 },
        "end": { "line": 55, "column": 7 }
      },
      "15": {
        "start": { "line": 41, "column": 8 },
        "end": { "line": 44, "column": 11 }
      },
      "16": {
        "start": { "line": 42, "column": 10 },
        "end": { "line": 42, "column": 42 }
      },
      "17": {
        "start": { "line": 43, "column": 10 },
        "end": { "line": 43, "column": 39 }
      },
      "18": {
        "start": { "line": 46, "column": 8 },
        "end": { "line": 54, "column": 9 }
      },
      "19": {
        "start": { "line": 47, "column": 31 },
        "end": { "line": 47, "column": 52 }
      },
      "20": {
        "start": { "line": 48, "column": 32 },
        "end": { "line": 48, "column": 48 }
      },
      "21": {
        "start": { "line": 49, "column": 10 },
        "end": { "line": 51, "column": 11 }
      },
      "22": {
        "start": { "line": 50, "column": 12 },
        "end": { "line": 50, "column": 35 }
      },
      "23": {
        "start": { "line": 53, "column": 10 },
        "end": { "line": 53, "column": 22 }
      },
      "24": {
        "start": { "line": 57, "column": 4 },
        "end": { "line": 64, "column": 5 }
      },
      "25": {
        "start": { "line": 58, "column": 6 },
        "end": { "line": 58, "column": 53 }
      },
      "26": {
        "start": { "line": 59, "column": 6 },
        "end": { "line": 59, "column": 35 }
      },
      "27": {
        "start": { "line": 61, "column": 6 },
        "end": { "line": 61, "column": 51 }
      },
      "28": {
        "start": { "line": 62, "column": 6 },
        "end": { "line": 62, "column": 53 }
      },
      "29": {
        "start": { "line": 63, "column": 6 },
        "end": { "line": 63, "column": 35 }
      },
      "30": {
        "start": { "line": 65, "column": 4 },
        "end": { "line": 67, "column": 5 }
      },
      "31": {
        "start": { "line": 66, "column": 6 },
        "end": { "line": 66, "column": 56 }
      },
      "32": {
        "start": { "line": 70, "column": 2 },
        "end": { "line": 70, "column": 15 }
      }
    },
    "fnMap": {
      "0": {
        "name": "useModel",
        "decl": {
          "start": { "line": 14, "column": 16 },
          "end": { "line": 14, "column": 24 }
        },
        "loc": {
          "start": { "line": 17, "column": 92 },
          "end": { "line": 71, "column": 1 }
        },
        "line": 17
      },
      "1": {
        "name": "(anonymous_1)",
        "decl": {
          "start": { "line": 24, "column": 4 },
          "end": { "line": 24, "column": 5 }
        },
        "loc": {
          "start": { "line": 24, "column": 10 },
          "end": { "line": 24, "column": 108 }
        },
        "line": 24
      },
      "2": {
        "name": "(anonymous_2)",
        "decl": {
          "start": { "line": 30, "column": 12 },
          "end": { "line": 30, "column": 13 }
        },
        "loc": {
          "start": { "line": 30, "column": 18 },
          "end": { "line": 35, "column": 3 }
        },
        "line": 30
      },
      "3": {
        "name": "(anonymous_3)",
        "decl": {
          "start": { "line": 32, "column": 11 },
          "end": { "line": 32, "column": 12 }
        },
        "loc": {
          "start": { "line": 32, "column": 17 },
          "end": { "line": 34, "column": 5 }
        },
        "line": 32
      },
      "4": {
        "name": "(anonymous_4)",
        "decl": {
          "start": { "line": 37, "column": 12 },
          "end": { "line": 37, "column": 13 }
        },
        "loc": {
          "start": { "line": 37, "column": 18 },
          "end": { "line": 68, "column": 3 }
        },
        "line": 37
      },
      "5": {
        "name": "(anonymous_5)",
        "decl": {
          "start": { "line": 38, "column": 20 },
          "end": { "line": 38, "column": 21 }
        },
        "loc": {
          "start": { "line": 38, "column": 32 },
          "end": { "line": 56, "column": 5 }
        },
        "line": 38
      },
      "6": {
        "name": "(anonymous_6)",
        "decl": {
          "start": { "line": 41, "column": 19 },
          "end": { "line": 41, "column": 20 }
        },
        "loc": {
          "start": { "line": 41, "column": 25 },
          "end": { "line": 44, "column": 9 }
        },
        "line": 41
      },
      "7": {
        "name": "(anonymous_7)",
        "decl": {
          "start": { "line": 65, "column": 11 },
          "end": { "line": 65, "column": 12 }
        },
        "loc": {
          "start": { "line": 65, "column": 17 },
          "end": { "line": 67, "column": 5 }
        },
        "line": 65
      }
    },
    "branchMap": {
      "0": {
        "loc": {
          "start": { "line": 24, "column": 10 },
          "end": { "line": 24, "column": 108 }
        },
        "type": "cond-expr",
        "locations": [
          {
            "start": { "line": 24, "column": 31 },
            "end": { "line": 24, "column": 78 }
          },
          {
            "start": { "line": 24, "column": 81 },
            "end": { "line": 24, "column": 108 }
          }
        ],
        "line": 24
      },
      "1": {
        "loc": {
          "start": { "line": 39, "column": 6 },
          "end": { "line": 55, "column": 7 }
        },
        "type": "if",
        "locations": [
          {
            "start": { "line": 39, "column": 6 },
            "end": { "line": 55, "column": 7 }
          },
          {
            "start": { "line": 45, "column": 13 },
            "end": { "line": 55, "column": 7 }
          }
        ],
        "line": 39
      },
      "2": {
        "loc": {
          "start": { "line": 46, "column": 8 },
          "end": { "line": 54, "column": 9 }
        },
        "type": "if",
        "locations": [
          {
            "start": { "line": 46, "column": 8 },
            "end": { "line": 54, "column": 9 }
          },
          {
            "start": { "line": 52, "column": 15 },
            "end": { "line": 54, "column": 9 }
          }
        ],
        "line": 46
      },
      "3": {
        "loc": {
          "start": { "line": 46, "column": 11 },
          "end": { "line": 46, "column": 40 }
        },
        "type": "binary-expr",
        "locations": [
          {
            "start": { "line": 46, "column": 11 },
            "end": { "line": 46, "column": 18 }
          },
          {
            "start": { "line": 46, "column": 22 },
            "end": { "line": 46, "column": 40 }
          }
        ],
        "line": 46
      },
      "4": {
        "loc": {
          "start": { "line": 49, "column": 10 },
          "end": { "line": 51, "column": 11 }
        },
        "type": "if",
        "locations": [
          {
            "start": { "line": 49, "column": 10 },
            "end": { "line": 51, "column": 11 }
          },
          { "start": {}, "end": {} }
        ],
        "line": 49
      }
    },
    "s": {
      "0": 0,
      "1": 0,
      "2": 0,
      "3": 0,
      "4": 0,
      "5": 0,
      "6": 0,
      "7": 0,
      "8": 0,
      "9": 0,
      "10": 0,
      "11": 0,
      "12": 0,
      "13": 0,
      "14": 0,
      "15": 0,
      "16": 0,
      "17": 0,
      "18": 0,
      "19": 0,
      "20": 0,
      "21": 0,
      "22": 0,
      "23": 0,
      "24": 0,
      "25": 0,
      "26": 0,
      "27": 0,
      "28": 0,
      "29": 0,
      "30": 0,
      "31": 0,
      "32": 0
    },
    "f": { "0": 0, "1": 0, "2": 0, "3": 0, "4": 0, "5": 0, "6": 0, "7": 0 },
    "b": { "0": [0, 0], "1": [0, 0], "2": [0, 0], "3": [0, 0], "4": [0, 0] }
  },
  "/Users/lujunsheng/program1/use-reactive-state/src/.umi/plugin-request/request.ts": {
    "path": "/Users/lujunsheng/program1/use-reactive-state/src/.umi/plugin-request/request.ts",
    "statementMap": {
      "0": {
        "start": { "line": 82, "column": 2 },
        "end": { "line": 95, "column": 5 }
      },
      "1": {
        "start": { "line": 83, "column": 28 },
        "end": { "line": 83, "column": 40 }
      },
      "2": {
        "start": { "line": 85, "column": 6 },
        "end": { "line": 87, "column": 7 }
      },
      "3": {
        "start": { "line": 86, "column": 8 },
        "end": { "line": 86, "column": 39 }
      },
      "4": {
        "start": { "line": 88, "column": 6 },
        "end": { "line": 91, "column": 7 }
      },
      "5": {
        "start": { "line": 89, "column": 33 },
        "end": { "line": 89, "column": 47 }
      },
      "6": {
        "start": { "line": 90, "column": 8 },
        "end": { "line": 90, "column": 34 }
      },
      "7": {
        "start": { "line": 92, "column": 6 },
        "end": { "line": 92, "column": 47 }
      },
      "8": {
        "start": { "line": 134, "column": 27 },
        "end": { "line": 134, "column": 39 }
      },
      "9": {
        "start": { "line": 137, "column": 25 },
        "end": { "line": 255, "column": 1 }
      },
      "10": {
        "start": { "line": 138, "column": 2 },
        "end": { "line": 141, "column": 3 }
      },
      "11": {
        "start": { "line": 140, "column": 4 },
        "end": { "line": 140, "column": 33 }
      },
      "12": {
        "start": { "line": 145, "column": 39 },
        "end": { "line": 149, "column": 4 }
      },
      "13": {
        "start": { "line": 152, "column": 4 },
        "end": { "line": 152, "column": 62 }
      },
      "14": {
        "start": { "line": 152, "column": 54 },
        "end": { "line": 152, "column": 61 }
      },
      "15": {
        "start": { "line": 154, "column": 2 },
        "end": { "line": 212, "column": 5 }
      },
      "16": {
        "start": { "line": 157, "column": 6 },
        "end": { "line": 159, "column": 7 }
      },
      "17": {
        "start": { "line": 158, "column": 8 },
        "end": { "line": 158, "column": 20 }
      },
      "18": {
        "start": { "line": 161, "column": 6 },
        "end": { "line": 170, "column": 7 }
      },
      "19": {
        "start": { "line": 162, "column": 29 },
        "end": { "line": 165, "column": 9 }
      },
      "20": {
        "start": { "line": 166, "column": 8 },
        "end": { "line": 166, "column": 50 }
      },
      "21": {
        "start": { "line": 167, "column": 8 },
        "end": { "line": 167, "column": 65 }
      },
      "22": {
        "start": { "line": 168, "column": 8 },
        "end": { "line": 168, "column": 32 }
      },
      "23": {
        "start": { "line": 169, "column": 8 },
        "end": { "line": 169, "column": 31 }
      },
      "24": {
        "start": { "line": 171, "column": 6 },
        "end": { "line": 171, "column": 29 }
      },
      "25": {
        "start": { "line": 173, "column": 6 },
        "end": { "line": 208, "column": 7 }
      },
      "26": {
        "start": { "line": 174, "column": 29 },
        "end": { "line": 174, "column": 52 }
      },
      "27": {
        "start": { "line": 175, "column": 26 },
        "end": { "line": 175, "column": 46 }
      },
      "28": {
        "start": { "line": 177, "column": 10 },
        "end": { "line": 177, "column": 68 }
      },
      "29": {
        "start": { "line": 179, "column": 8 },
        "end": { "line": 205, "column": 9 }
      },
      "30": {
        "start": { "line": 182, "column": 12 },
        "end": { "line": 182, "column": 18 }
      },
      "31": {
        "start": { "line": 184, "column": 12 },
        "end": { "line": 184, "column": 39 }
      },
      "32": {
        "start": { "line": 185, "column": 12 },
        "end": { "line": 185, "column": 18 }
      },
      "33": {
        "start": { "line": 187, "column": 12 },
        "end": { "line": 187, "column": 40 }
      },
      "34": {
        "start": { "line": 188, "column": 12 },
        "end": { "line": 188, "column": 18 }
      },
      "35": {
        "start": { "line": 190, "column": 12 },
        "end": { "line": 192, "column": 15 }
      },
      "36": {
        "start": { "line": 193, "column": 12 },
        "end": { "line": 193, "column": 18 }
      },
      "37": {
        "start": { "line": 196, "column": 12 },
        "end": { "line": 199, "column": 15 }
      },
      "38": {
        "start": { "line": 201, "column": 12 },
        "end": { "line": 201, "column": 18 }
      },
      "39": {
        "start": { "line": 203, "column": 12 },
        "end": { "line": 203, "column": 40 }
      },
      "40": {
        "start": { "line": 204, "column": 12 },
        "end": { "line": 204, "column": 18 }
      },
      "41": {
        "start": { "line": 207, "column": 8 },
        "end": { "line": 207, "column": 71 }
      },
      "42": {
        "start": { "line": 209, "column": 6 },
        "end": { "line": 209, "column": 18 }
      },
      "43": {
        "start": { "line": 217, "column": 2 },
        "end": { "line": 236, "column": 5 }
      },
      "44": {
        "start": { "line": 218, "column": 4 },
        "end": { "line": 218, "column": 17 }
      },
      "45": {
        "start": { "line": 219, "column": 25 },
        "end": { "line": 219, "column": 28 }
      },
      "46": {
        "start": { "line": 221, "column": 4 },
        "end": { "line": 223, "column": 5 }
      },
      "47": {
        "start": { "line": 222, "column": 6 },
        "end": { "line": 222, "column": 13 }
      },
      "48": {
        "start": { "line": 224, "column": 24 },
        "end": { "line": 224, "column": 27 }
      },
      "49": {
        "start": { "line": 225, "column": 28 },
        "end": { "line": 225, "column": 35 }
      },
      "50": {
        "start": { "line": 226, "column": 20 },
        "end": { "line": 226, "column": 48 }
      },
      "51": {
        "start": { "line": 227, "column": 22 },
        "end": { "line": 227, "column": 48 }
      },
      "52": {
        "start": { "line": 228, "column": 4 },
        "end": { "line": 235, "column": 5 }
      },
      "53": {
        "start": { "line": 230, "column": 34 },
        "end": { "line": 230, "column": 67 }
      },
      "54": {
        "start": { "line": 231, "column": 6 },
        "end": { "line": 231, "column": 30 }
      },
      "55": {
        "start": { "line": 232, "column": 6 },
        "end": { "line": 232, "column": 27 }
      },
      "56": {
        "start": { "line": 233, "column": 6 },
        "end": { "line": 233, "column": 29 }
      },
      "57": {
        "start": { "line": 234, "column": 6 },
        "end": { "line": 234, "column": 18 }
      },
      "58": {
        "start": { "line": 239, "column": 28 },
        "end": { "line": 239, "column": 59 }
      },
      "59": {
        "start": { "line": 240, "column": 2 },
        "end": { "line": 242, "column": 5 }
      },
      "60": {
        "start": { "line": 241, "column": 4 },
        "end": { "line": 241, "column": 34 }
      },
      "61": {
        "start": { "line": 245, "column": 30 },
        "end": { "line": 245, "column": 69 }
      },
      "62": {
        "start": { "line": 246, "column": 31 },
        "end": { "line": 246, "column": 71 }
      },
      "63": {
        "start": { "line": 247, "column": 2 },
        "end": { "line": 249, "column": 5 }
      },
      "64": {
        "start": { "line": 248, "column": 4 },
        "end": { "line": 248, "column": 55 }
      },
      "65": {
        "start": { "line": 250, "column": 2 },
        "end": { "line": 252, "column": 5 }
      },
      "66": {
        "start": { "line": 251, "column": 4 },
        "end": { "line": 251, "column": 56 }
      },
      "67": {
        "start": { "line": 254, "column": 2 },
        "end": { "line": 254, "column": 31 }
      },
      "68": {
        "start": { "line": 271, "column": 36 },
        "end": { "line": 274, "column": 1 }
      },
      "69": {
        "start": { "line": 272, "column": 24 },
        "end": { "line": 272, "column": 42 }
      },
      "70": {
        "start": { "line": 273, "column": 2 },
        "end": { "line": 273, "column": 37 }
      }
    },
    "fnMap": {
      "0": {
        "name": "useRequest",
        "decl": {
          "start": { "line": 81, "column": 9 },
          "end": { "line": 81, "column": 19 }
        },
        "loc": {
          "start": { "line": 81, "column": 53 },
          "end": { "line": 96, "column": 1 }
        },
        "line": 81
      },
      "1": {
        "name": "(anonymous_1)",
        "decl": {
          "start": { "line": 83, "column": 18 },
          "end": { "line": 83, "column": 19 }
        },
        "loc": {
          "start": { "line": 83, "column": 28 },
          "end": { "line": 83, "column": 40 }
        },
        "line": 83
      },
      "2": {
        "name": "(anonymous_2)",
        "decl": {
          "start": { "line": 84, "column": 19 },
          "end": { "line": 84, "column": 20 }
        },
        "loc": {
          "start": { "line": 84, "column": 44 },
          "end": { "line": 93, "column": 5 }
        },
        "line": 84
      },
      "3": {
        "name": "(anonymous_3)",
        "decl": {
          "start": { "line": 137, "column": 25 },
          "end": { "line": 137, "column": 26 }
        },
        "loc": {
          "start": { "line": 137, "column": 31 },
          "end": { "line": 255, "column": 1 }
        },
        "line": 137
      },
      "4": {
        "name": "(anonymous_4)",
        "decl": {
          "start": { "line": 152, "column": 43 },
          "end": { "line": 152, "column": 44 }
        },
        "loc": {
          "start": { "line": 152, "column": 54 },
          "end": { "line": 152, "column": 61 }
        },
        "line": 152
      },
      "5": {
        "name": "(anonymous_5)",
        "decl": {
          "start": { "line": 155, "column": 18 },
          "end": { "line": 155, "column": 19 }
        },
        "loc": {
          "start": { "line": 155, "column": 43 },
          "end": { "line": 210, "column": 5 }
        },
        "line": 155
      },
      "6": {
        "name": "(anonymous_6)",
        "decl": {
          "start": { "line": 217, "column": 28 },
          "end": { "line": 217, "column": 29 }
        },
        "loc": {
          "start": { "line": 217, "column": 49 },
          "end": { "line": 236, "column": 3 }
        },
        "line": 217
      },
      "7": {
        "name": "(anonymous_7)",
        "decl": {
          "start": { "line": 240, "column": 28 },
          "end": { "line": 240, "column": 29 }
        },
        "loc": {
          "start": { "line": 240, "column": 34 },
          "end": { "line": 242, "column": 3 }
        },
        "line": 240
      },
      "8": {
        "name": "(anonymous_8)",
        "decl": {
          "start": { "line": 247, "column": 26 },
          "end": { "line": 247, "column": 27 }
        },
        "loc": {
          "start": { "line": 247, "column": 32 },
          "end": { "line": 249, "column": 3 }
        },
        "line": 247
      },
      "9": {
        "name": "(anonymous_9)",
        "decl": {
          "start": { "line": 250, "column": 27 },
          "end": { "line": 250, "column": 28 }
        },
        "loc": {
          "start": { "line": 250, "column": 33 },
          "end": { "line": 252, "column": 3 }
        },
        "line": 250
      },
      "10": {
        "name": "(anonymous_10)",
        "decl": {
          "start": { "line": 271, "column": 36 },
          "end": { "line": 271, "column": 37 }
        },
        "loc": {
          "start": { "line": 271, "column": 64 },
          "end": { "line": 274, "column": 1 }
        },
        "line": 271
      }
    },
    "branchMap": {
      "0": {
        "loc": {
          "start": { "line": 81, "column": 34 },
          "end": { "line": 81, "column": 51 }
        },
        "type": "default-arg",
        "locations": [
          {
            "start": { "line": 81, "column": 49 },
            "end": { "line": 81, "column": 51 }
          }
        ],
        "line": 81
      },
      "1": {
        "loc": {
          "start": { "line": 85, "column": 6 },
          "end": { "line": 87, "column": 7 }
        },
        "type": "if",
        "locations": [
          {
            "start": { "line": 85, "column": 6 },
            "end": { "line": 87, "column": 7 }
          },
          { "start": {}, "end": {} }
        ],
        "line": 85
      },
      "2": {
        "loc": {
          "start": { "line": 88, "column": 6 },
          "end": { "line": 91, "column": 7 }
        },
        "type": "if",
        "locations": [
          {
            "start": { "line": 88, "column": 6 },
            "end": { "line": 91, "column": 7 }
          },
          { "start": {}, "end": {} }
        ],
        "line": 88
      },
      "3": {
        "loc": {
          "start": { "line": 138, "column": 2 },
          "end": { "line": 141, "column": 3 }
        },
        "type": "if",
        "locations": [
          {
            "start": { "line": 138, "column": 2 },
            "end": { "line": 141, "column": 3 }
          },
          { "start": {}, "end": {} }
        ],
        "line": 138
      },
      "4": {
        "loc": {
          "start": { "line": 152, "column": 4 },
          "end": { "line": 152, "column": 62 }
        },
        "type": "binary-expr",
        "locations": [
          {
            "start": { "line": 152, "column": 4 },
            "end": { "line": 152, "column": 38 }
          },
          {
            "start": { "line": 152, "column": 43 },
            "end": { "line": 152, "column": 61 }
          }
        ],
        "line": 152
      },
      "5": {
        "loc": {
          "start": { "line": 157, "column": 6 },
          "end": { "line": 159, "column": 7 }
        },
        "type": "if",
        "locations": [
          {
            "start": { "line": 157, "column": 6 },
            "end": { "line": 159, "column": 7 }
          },
          { "start": {}, "end": {} }
        ],
        "line": 157
      },
      "6": {
        "loc": {
          "start": { "line": 161, "column": 6 },
          "end": { "line": 170, "column": 7 }
        },
        "type": "if",
        "locations": [
          {
            "start": { "line": 161, "column": 6 },
            "end": { "line": 170, "column": 7 }
          },
          { "start": {}, "end": {} }
        ],
        "line": 161
      },
      "7": {
        "loc": {
          "start": { "line": 161, "column": 10 },
          "end": { "line": 161, "column": 71 }
        },
        "type": "binary-expr",
        "locations": [
          {
            "start": { "line": 161, "column": 10 },
            "end": { "line": 161, "column": 40 }
          },
          {
            "start": { "line": 161, "column": 44 },
            "end": { "line": 161, "column": 54 }
          },
          {
            "start": { "line": 161, "column": 58 },
            "end": { "line": 161, "column": 71 }
          }
        ],
        "line": 161
      },
      "8": {
        "loc": {
          "start": { "line": 167, "column": 24 },
          "end": { "line": 167, "column": 64 }
        },
        "type": "binary-expr",
        "locations": [
          {
            "start": { "line": 167, "column": 24 },
            "end": { "line": 167, "column": 47 }
          },
          {
            "start": { "line": 167, "column": 51 },
            "end": { "line": 167, "column": 64 }
          }
        ],
        "line": 167
      },
      "9": {
        "loc": {
          "start": { "line": 173, "column": 6 },
          "end": { "line": 208, "column": 7 }
        },
        "type": "if",
        "locations": [
          {
            "start": { "line": 173, "column": 6 },
            "end": { "line": 208, "column": 7 }
          },
          {
            "start": { "line": 206, "column": 13 },
            "end": { "line": 208, "column": 7 }
          }
        ],
        "line": 173
      },
      "10": {
        "loc": {
          "start": { "line": 177, "column": 10 },
          "end": { "line": 177, "column": 68 }
        },
        "type": "binary-expr",
        "locations": [
          {
            "start": { "line": 177, "column": 10 },
            "end": { "line": 177, "column": 46 }
          },
          {
            "start": { "line": 177, "column": 50 },
            "end": { "line": 177, "column": 68 }
          }
        ],
        "line": 177
      },
      "11": {
        "loc": {
          "start": { "line": 179, "column": 8 },
          "end": { "line": 205, "column": 9 }
        },
        "type": "switch",
        "locations": [
          {
            "start": { "line": 180, "column": 10 },
            "end": { "line": 182, "column": 18 }
          },
          {
            "start": { "line": 183, "column": 10 },
            "end": { "line": 185, "column": 18 }
          },
          {
            "start": { "line": 186, "column": 10 },
            "end": { "line": 188, "column": 18 }
          },
          {
            "start": { "line": 189, "column": 10 },
            "end": { "line": 193, "column": 18 }
          },
          {
            "start": { "line": 194, "column": 10 },
            "end": { "line": 201, "column": 18 }
          },
          {
            "start": { "line": 202, "column": 10 },
            "end": { "line": 204, "column": 18 }
          }
        ],
        "line": 179
      },
      "12": {
        "loc": {
          "start": { "line": 207, "column": 22 },
          "end": { "line": 207, "column": 69 }
        },
        "type": "binary-expr",
        "locations": [
          {
            "start": { "line": 207, "column": 22 },
            "end": { "line": 207, "column": 35 }
          },
          {
            "start": { "line": 207, "column": 39 },
            "end": { "line": 207, "column": 69 }
          }
        ],
        "line": 207
      },
      "13": {
        "loc": {
          "start": { "line": 221, "column": 4 },
          "end": { "line": 223, "column": 5 }
        },
        "type": "if",
        "locations": [
          {
            "start": { "line": 221, "column": 4 },
            "end": { "line": 223, "column": 5 }
          },
          { "start": {}, "end": {} }
        ],
        "line": 221
      },
      "14": {
        "loc": {
          "start": { "line": 226, "column": 20 },
          "end": { "line": 226, "column": 48 }
        },
        "type": "cond-expr",
        "locations": [
          {
            "start": { "line": 226, "column": 34 },
            "end": { "line": 226, "column": 42 }
          },
          {
            "start": { "line": 226, "column": 45 },
            "end": { "line": 226, "column": 48 }
          }
        ],
        "line": 226
      },
      "15": {
        "loc": {
          "start": { "line": 228, "column": 4 },
          "end": { "line": 235, "column": 5 }
        },
        "type": "if",
        "locations": [
          {
            "start": { "line": 228, "column": 4 },
            "end": { "line": 235, "column": 5 }
          },
          { "start": {}, "end": {} }
        ],
        "line": 228
      },
      "16": {
        "loc": {
          "start": { "line": 239, "column": 28 },
          "end": { "line": 239, "column": 59 }
        },
        "type": "binary-expr",
        "locations": [
          {
            "start": { "line": 239, "column": 28 },
            "end": { "line": 239, "column": 53 }
          },
          {
            "start": { "line": 239, "column": 57 },
            "end": { "line": 239, "column": 59 }
          }
        ],
        "line": 239
      },
      "17": {
        "loc": {
          "start": { "line": 245, "column": 30 },
          "end": { "line": 245, "column": 69 }
        },
        "type": "binary-expr",
        "locations": [
          {
            "start": { "line": 245, "column": 30 },
            "end": { "line": 245, "column": 63 }
          },
          {
            "start": { "line": 245, "column": 67 },
            "end": { "line": 245, "column": 69 }
          }
        ],
        "line": 245
      },
      "18": {
        "loc": {
          "start": { "line": 246, "column": 31 },
          "end": { "line": 246, "column": 71 }
        },
        "type": "binary-expr",
        "locations": [
          {
            "start": { "line": 246, "column": 31 },
            "end": { "line": 246, "column": 65 }
          },
          {
            "start": { "line": 246, "column": 69 },
            "end": { "line": 246, "column": 71 }
          }
        ],
        "line": 246
      }
    },
    "s": {
      "0": 0,
      "1": 0,
      "2": 0,
      "3": 0,
      "4": 0,
      "5": 0,
      "6": 0,
      "7": 0,
      "8": 0,
      "9": 0,
      "10": 0,
      "11": 0,
      "12": 0,
      "13": 0,
      "14": 0,
      "15": 0,
      "16": 0,
      "17": 0,
      "18": 0,
      "19": 0,
      "20": 0,
      "21": 0,
      "22": 0,
      "23": 0,
      "24": 0,
      "25": 0,
      "26": 0,
      "27": 0,
      "28": 0,
      "29": 0,
      "30": 0,
      "31": 0,
      "32": 0,
      "33": 0,
      "34": 0,
      "35": 0,
      "36": 0,
      "37": 0,
      "38": 0,
      "39": 0,
      "40": 0,
      "41": 0,
      "42": 0,
      "43": 0,
      "44": 0,
      "45": 0,
      "46": 0,
      "47": 0,
      "48": 0,
      "49": 0,
      "50": 0,
      "51": 0,
      "52": 0,
      "53": 0,
      "54": 0,
      "55": 0,
      "56": 0,
      "57": 0,
      "58": 0,
      "59": 0,
      "60": 0,
      "61": 0,
      "62": 0,
      "63": 0,
      "64": 0,
      "65": 0,
      "66": 0,
      "67": 0,
      "68": 0,
      "69": 0,
      "70": 0
    },
    "f": {
      "0": 0,
      "1": 0,
      "2": 0,
      "3": 0,
      "4": 0,
      "5": 0,
      "6": 0,
      "7": 0,
      "8": 0,
      "9": 0,
      "10": 0
    },
    "b": {
      "0": [0],
      "1": [0, 0],
      "2": [0, 0],
      "3": [0, 0],
      "4": [0, 0],
      "5": [0, 0],
      "6": [0, 0],
      "7": [0, 0, 0],
      "8": [0, 0],
      "9": [0, 0],
      "10": [0, 0],
      "11": [0, 0, 0, 0, 0, 0],
      "12": [0, 0],
      "13": [0, 0],
      "14": [0, 0],
      "15": [0, 0],
      "16": [0, 0],
      "17": [0, 0],
      "18": [0, 0]
    }
  }
}
