TN:
SF:src/index.ts
FNF:0
FNH:0
LF:0
LH:0
BRF:0
BRH:0
end_of_record
TN:
SF:src/reactive.ts
FN:7,(anonymous_0)
FN:16,(anonymous_1)
FN:22,createReactiveState
FN:26,(anonymous_3)
FN:29,(anonymous_4)
FN:38,(anonymous_5)
FN:42,(anonymous_6)
FN:45,(anonymous_7)
FN:51,(anonymous_8)
FN:56,(anonymous_9)
FN:66,(anonymous_10)
FNF:11
FNH:11
FNDA:177,(anonymous_0)
FNDA:554,(anonymous_1)
FNDA:49,createReactiveState
FNDA:55,(anonymous_3)
FNDA:43,(anonymous_4)
FNDA:79,(anonymous_5)
FNDA:554,(anonymous_6)
FNDA:180,(anonymous_7)
FNDA:554,(anonymous_8)
FNDA:94,(anonymous_9)
FNDA:1,(anonymous_10)
DA:5,2
DA:7,177
DA:16,2
DA:17,554
DA:23,49
DA:24,49
DA:27,55
DA:28,55
DA:30,43
DA:36,49
DA:38,49
DA:39,79
DA:42,49
DA:43,554
DA:45,49
DA:46,180
DA:47,95
DA:50,85
DA:52,554
DA:54,554
DA:57,94
DA:58,94
DA:59,94
DA:60,78
DA:62,78
DA:64,94
DA:67,1
DA:68,1
DA:69,1
DA:72,85
DA:73,85
DA:76,49
DA:77,49
LF:33
LH:33
BRDA:17,0,0,554
BRDA:17,0,1,554
BRDA:43,1,0,131
BRDA:43,1,1,423
BRDA:46,2,0,95
BRDA:46,2,1,85
BRDA:59,3,0,78
BRDA:59,3,1,16
BRF:8
BRH:8
end_of_record
TN:
SF:src/useReactiveState.ts
FN:7,(anonymous_0)
FN:9,useReactiveState
FN:21,(anonymous_2)
FN:23,(anonymous_3)
FN:24,(anonymous_4)
FN:31,(anonymous_5)
FN:32,(anonymous_6)
FN:47,(anonymous_7)
FN:54,(anonymous_8)
FN:59,(anonymous_9)
FN:68,(anonymous_10)
FNF:11
FNH:10
FNDA:115,(anonymous_0)
FNDA:87,useReactiveState
FNDA:0,(anonymous_2)
FNDA:42,(anonymous_3)
FNDA:61,(anonymous_4)
FNDA:54,(anonymous_5)
FNDA:45,(anonymous_6)
FNDA:24,(anonymous_7)
FNDA:59,(anonymous_8)
FNDA:24,(anonymous_9)
FNDA:42,(anonymous_10)
DA:7,115
DA:16,87
DA:17,87
DA:18,87
DA:19,87
DA:20,87
DA:21,87
DA:23,87
DA:24,42
DA:25,61
DA:26,61
DA:29,42
DA:31,42
DA:32,54
DA:33,54
DA:34,19
DA:36,19
DA:37,19
DA:38,10
DA:41,19
DA:43,35
DA:47,42
DA:48,24
DA:49,24
DA:50,24
DA:54,42
DA:55,59
DA:56,29
DA:57,29
DA:58,24
DA:59,24
DA:60,24
DA:61,24
DA:65,30
DA:68,42
DA:69,42
LF:36
LH:36
BRDA:11,0,0,2
BRDA:16,1,0,67
BRDA:16,2,0,33
BRDA:25,3,0,29
BRDA:25,3,1,32
BRDA:33,4,0,19
BRDA:33,4,1,35
BRDA:36,5,0,19
BRDA:36,5,1,0
BRDA:37,6,0,10
BRDA:37,6,1,9
BRDA:48,7,0,24
BRDA:48,7,1,0
BRDA:55,8,0,29
BRDA:55,8,1,30
BRDA:57,9,0,24
BRDA:57,9,1,5
BRF:17
BRH:15
end_of_record
TN:
SF:src/utils.ts
FN:1,uniqueID
FN:2,chr4
FNF:2
FNH:2
FNDA:49,uniqueID
FNDA:392,chr4
DA:3,392
DA:7,49
LF:2
LH:2
BRF:0
BRH:0
end_of_record
TN:
SF:src/.umi/umi.ts
FN:14,(anonymous_0)
FN:17,(anonymous_1)
FN:48,(anonymous_2)
FN:51,(anonymous_3)
FNF:4
FNH:0
FNDA:0,(anonymous_0)
FNDA:0,(anonymous_1)
FNDA:0,(anonymous_2)
FNDA:0,(anonymous_3)
DA:14,0
DA:18,0
DA:30,0
DA:35,0
DA:39,0
DA:46,0
DA:48,0
DA:49,0
DA:50,0
DA:51,0
DA:52,0
DA:55,0
LF:12
LH:0
BRDA:14,0,0,0
BRDA:22,1,0,0
BRDA:22,1,1,0
BRDA:46,2,0,0
BRDA:46,2,1,0
BRDA:50,3,0,0
BRDA:50,3,1,0
BRF:7
BRH:0
end_of_record
TN:
SF:src/.umi/core/devScripts.ts
FN:4,tryApplyUpdates
FN:11,isUpdateAvailable
FN:22,handleApplyUpdates
FN:38,(anonymous_3)
FN:41,(anonymous_4)
FNF:5
FNH:0
FNDA:0,tryApplyUpdates
FNDA:0,isUpdateAvailable
FNDA:0,handleApplyUpdates
FNDA:0,(anonymous_3)
FNDA:0,(anonymous_4)
DA:3,0
DA:6,0
DA:7,0
DA:8,0
DA:13,0
DA:18,0
DA:19,0
DA:23,0
DA:24,0
DA:25,0
DA:28,0
DA:30,0
DA:32,0
DA:37,0
DA:39,0
DA:42,0
DA:47,0
LF:17
LH:0
BRDA:3,0,0,0
BRDA:3,0,1,0
BRDA:6,1,0,0
BRDA:6,1,1,0
BRDA:18,2,0,0
BRDA:18,2,1,0
BRDA:18,3,0,0
BRDA:18,3,1,0
BRDA:23,4,0,0
BRDA:23,4,1,0
BRDA:23,5,0,0
BRDA:23,5,1,0
BRDA:23,5,2,0
BRDA:30,6,0,0
BRDA:30,6,1,0
BRF:15
BRH:0
end_of_record
TN:
SF:src/.umi/core/history.ts
FN:13,(anonymous_0)
FNF:1
FNH:0
FNDA:0,(anonymous_0)
DA:4,0
DA:7,0
DA:8,0
DA:12,0
DA:13,0
DA:14,0
DA:15,0
DA:18,0
LF:8
LH:0
BRDA:7,0,0,0
BRDA:7,0,1,0
BRDA:12,1,0,0
BRDA:12,1,1,0
BRDA:13,2,0,0
BRDA:14,3,0,0
BRDA:14,3,1,0
BRF:7
BRH:0
end_of_record
TN:
SF:src/.umi/core/plugin.ts
FNF:0
FNH:0
DA:4,0
LF:1
LH:0
BRF:0
BRH:0
end_of_record
TN:
SF:src/.umi/core/pluginRegister.ts
FNF:0
FNH:0
DA:6,0
DA:10,0
LF:2
LH:0
BRF:0
BRH:0
end_of_record
TN:
SF:src/.umi/core/polyfill.ts
FNF:0
FNH:0
LF:0
LH:0
BRF:0
BRH:0
end_of_record
TN:
SF:src/.umi/core/routes.ts
FN:7,getRoutes
FN:13,(anonymous_1)
FN:89,(anonymous_2)
FNF:3
FNH:0
FNDA:0,getRoutes
FNDA:0,(anonymous_1)
FNDA:0,(anonymous_2)
DA:8,0
DA:14,0
DA:15,0
DA:16,0
DA:17,0
DA:20,0
DA:23,0
DA:25,0
DA:28,0
DA:32,0
DA:39,0
DA:89,0
DA:94,0
DA:100,0
LF:14
LH:0
BRDA:25,0,0,0
BRDA:25,0,1,0
BRDA:25,0,2,0
BRF:3
BRH:0
end_of_record
TN:
SF:src/.umi/core/umiExports.ts
FNF:0
FNH:0
LF:0
LH:0
BRF:0
BRH:0
end_of_record
TN:
SF:src/.umi/dumi/demos/index.ts
FNF:0
FNH:0
LF:0
LH:0
BRF:0
BRH:0
end_of_record
TN:
SF:src/.umi/plugin-helmet/exports.ts
FNF:0
FNH:0
LF:0
LH:0
BRF:0
BRH:0
end_of_record
TN:
SF:src/.umi/plugin-initial-state/Provider.tsx
FN:16,(anonymous_0)
FN:27,(anonymous_1)
FNF:2
FNH:0
FNDA:0,(anonymous_0)
FNDA:0,(anonymous_1)
DA:7,0
DA:8,0
DA:17,0
DA:18,0
DA:21,0
DA:26,0
DA:27,0
DA:28,0
DA:29,0
DA:33,0
DA:34,0
DA:36,0
LF:12
LH:0
BRDA:7,0,0,0
BRDA:7,0,1,0
BRDA:21,1,0,0
BRDA:21,1,1,0
BRDA:26,2,0,0
BRDA:26,3,0,0
BRDA:26,3,1,0
BRDA:28,4,0,0
BRDA:28,4,1,0
BRDA:33,5,0,0
BRDA:33,5,1,0
BRDA:33,6,0,0
BRDA:33,6,1,0
BRDA:34,7,0,0
BRDA:34,7,1,0
BRF:15
BRH:0
end_of_record
TN:
SF:src/.umi/plugin-initial-state/exports.ts
FNF:0
FNH:0
DA:7,0
LF:1
LH:0
BRF:0
BRH:0
end_of_record
TN:
SF:src/.umi/plugin-initial-state/runtime.tsx
FN:5,rootContainer
FNF:1
FNH:0
FNDA:0,rootContainer
DA:6,0
LF:1
LH:0
BRF:0
BRH:0
end_of_record
TN:
SF:src/.umi/plugin-initial-state/models/initialState.ts
FN:2,(anonymous_0)
FN:2,(anonymous_1)
FNF:2
FNH:0
FNDA:0,(anonymous_0)
FNDA:0,(anonymous_1)
DA:2,0
LF:1
LH:0
BRF:0
BRH:0
end_of_record
TN:
SF:src/.umi/plugin-model/Provider.tsx
FN:23,(anonymous_0)
FN:28,(anonymous_1)
FN:29,(anonymous_2)
FNF:3
FNH:0
FNDA:0,(anonymous_0)
FNDA:0,(anonymous_1)
FNDA:0,(anonymous_2)
DA:12,0
DA:20,0
DA:21,0
DA:25,0
DA:29,0
DA:30,0
DA:31,0
DA:32,0
LF:8
LH:0
BRF:0
BRH:0
end_of_record
TN:
SF:src/.umi/plugin-model/runtime.tsx
FN:6,rootContainer
FNF:1
FNH:0
FNDA:0,rootContainer
DA:7,0
LF:1
LH:0
BRF:0
BRH:0
end_of_record
TN:
SF:src/.umi/plugin-model/useModel.tsx
FN:14,useModel
FN:24,(anonymous_1)
FN:30,(anonymous_2)
FN:32,(anonymous_3)
FN:37,(anonymous_4)
FN:38,(anonymous_5)
FN:41,(anonymous_6)
FN:65,(anonymous_7)
FNF:8
FNH:0
FNDA:0,useModel
FNDA:0,(anonymous_1)
FNDA:0,(anonymous_2)
FNDA:0,(anonymous_3)
FNDA:0,(anonymous_4)
FNDA:0,(anonymous_5)
FNDA:0,(anonymous_6)
FNDA:0,(anonymous_7)
DA:20,0
DA:21,0
DA:22,0
DA:23,0
DA:24,0
DA:26,0
DA:27,0
DA:29,0
DA:30,0
DA:31,0
DA:32,0
DA:33,0
DA:37,0
DA:38,0
DA:39,0
DA:41,0
DA:42,0
DA:43,0
DA:46,0
DA:47,0
DA:48,0
DA:49,0
DA:50,0
DA:53,0
DA:57,0
DA:58,0
DA:59,0
DA:61,0
DA:62,0
DA:63,0
DA:65,0
DA:66,0
DA:70,0
LF:33
LH:0
BRDA:24,0,0,0
BRDA:24,0,1,0
BRDA:39,1,0,0
BRDA:39,1,1,0
BRDA:46,2,0,0
BRDA:46,2,1,0
BRDA:46,3,0,0
BRDA:46,3,1,0
BRDA:49,4,0,0
BRDA:49,4,1,0
BRF:10
BRH:0
end_of_record
TN:
SF:src/.umi/plugin-request/request.ts
FN:81,useRequest
FN:83,(anonymous_1)
FN:84,(anonymous_2)
FN:137,(anonymous_3)
FN:152,(anonymous_4)
FN:155,(anonymous_5)
FN:217,(anonymous_6)
FN:240,(anonymous_7)
FN:247,(anonymous_8)
FN:250,(anonymous_9)
FN:271,(anonymous_10)
FNF:11
FNH:0
FNDA:0,useRequest
FNDA:0,(anonymous_1)
FNDA:0,(anonymous_2)
FNDA:0,(anonymous_3)
FNDA:0,(anonymous_4)
FNDA:0,(anonymous_5)
FNDA:0,(anonymous_6)
FNDA:0,(anonymous_7)
FNDA:0,(anonymous_8)
FNDA:0,(anonymous_9)
FNDA:0,(anonymous_10)
DA:82,0
DA:83,0
DA:85,0
DA:86,0
DA:88,0
DA:89,0
DA:90,0
DA:92,0
DA:134,0
DA:137,0
DA:138,0
DA:140,0
DA:145,0
DA:152,0
DA:154,0
DA:157,0
DA:158,0
DA:161,0
DA:162,0
DA:166,0
DA:167,0
DA:168,0
DA:169,0
DA:171,0
DA:173,0
DA:174,0
DA:175,0
DA:177,0
DA:179,0
DA:182,0
DA:184,0
DA:185,0
DA:187,0
DA:188,0
DA:190,0
DA:193,0
DA:196,0
DA:201,0
DA:203,0
DA:204,0
DA:207,0
DA:209,0
DA:217,0
DA:218,0
DA:219,0
DA:221,0
DA:222,0
DA:224,0
DA:225,0
DA:226,0
DA:227,0
DA:228,0
DA:230,0
DA:231,0
DA:232,0
DA:233,0
DA:234,0
DA:239,0
DA:240,0
DA:241,0
DA:245,0
DA:246,0
DA:247,0
DA:248,0
DA:250,0
DA:251,0
DA:254,0
DA:271,0
DA:272,0
DA:273,0
LF:70
LH:0
BRDA:81,0,0,0
BRDA:85,1,0,0
BRDA:85,1,1,0
BRDA:88,2,0,0
BRDA:88,2,1,0
BRDA:138,3,0,0
BRDA:138,3,1,0
BRDA:152,4,0,0
BRDA:152,4,1,0
BRDA:157,5,0,0
BRDA:157,5,1,0
BRDA:161,6,0,0
BRDA:161,6,1,0
BRDA:161,7,0,0
BRDA:161,7,1,0
BRDA:161,7,2,0
BRDA:167,8,0,0
BRDA:167,8,1,0
BRDA:173,9,0,0
BRDA:173,9,1,0
BRDA:177,10,0,0
BRDA:177,10,1,0
BRDA:179,11,0,0
BRDA:179,11,1,0
BRDA:179,11,2,0
BRDA:179,11,3,0
BRDA:179,11,4,0
BRDA:179,11,5,0
BRDA:207,12,0,0
BRDA:207,12,1,0
BRDA:221,13,0,0
BRDA:221,13,1,0
BRDA:226,14,0,0
BRDA:226,14,1,0
BRDA:228,15,0,0
BRDA:228,15,1,0
BRDA:239,16,0,0
BRDA:239,16,1,0
BRDA:245,17,0,0
BRDA:245,17,1,0
BRDA:246,18,0,0
BRDA:246,18,1,0
BRF:42
BRH:0
end_of_record
